Unity Editor version:    2020.3.26f1 (7298b473bc1a)
Branch:                  2020.3/staging
Build type:              Release
Batch mode:              YES
macOS version:           Version 10.14.6 (Build 18G103)
Darwin version:          18.7.0
Architecture:            x86_64
Running under Rosetta:   NO
Available memory:        8192 MB
Using pre-set license
Pro License: NO

COMMAND LINE ARGUMENTS:
/Applications/2020.3.26f1/Unity.app/Contents/MacOS/Unity
-adb2
-batchMode
-noUpm
-name
AssetImportWorker6
-projectPath
/Volumes/TOSHIBA EXT/VR
-logFile
Logs/AssetImportWorker6.log
-srvPort
49483
Successfully changed project path to: /Volumes/TOSHIBA EXT/VR
/Volumes/TOSHIBA EXT/VR
Using Asset Import Pipeline V2.
Refreshing native plugins compatible for Editor in 109.79 ms, found 2 plugins.
Preloading 0 native plugins for Editor in 0.00 ms.
Initialize engine version: 2020.3.26f1 (7298b473bc1a)
[Subsystems] Discovering subsystems at path /Applications/2020.3.26f1/Unity.app/Contents/Resources/UnitySubsystems
[Subsystems] Discovering subsystems at path /Volumes/TOSHIBA EXT/VR/Assets
GfxDevice: creating device client; threaded=0
2022-02-21 16:42:04.040 Unity[1515:26008] Color LCD preferred device: Intel(R) Iris(TM) Graphics 6100 (low power)
2022-02-21 16:42:04.040 Unity[1515:26008] Metal devices available: 1
2022-02-21 16:42:04.040 Unity[1515:26008] 0: Intel(R) Iris(TM) Graphics 6100 (low power)
2022-02-21 16:42:04.043 Unity[1515:26008] Using device Intel(R) Iris(TM) Graphics 6100 (low power)
Initializing Metal device caps: Intel(R) Iris(TM) Graphics 6100
Initialize mono
Mono path[0] = '/Applications/2020.3.26f1/Unity.app/Contents/Managed'
Mono path[1] = '/Applications/2020.3.26f1/Unity.app/Contents/MonoBleedingEdge/lib/mono/unityjit'
Mono config path = '/Applications/2020.3.26f1/Unity.app/Contents/MonoBleedingEdge/etc'
Using monoOptions --debugger-agent=transport=dt_socket,embedding=1,server=y,suspend=n,address=127.0.0.1:56515
Begin MonoManager ReloadAssembly
Registering precompiled unity dll's ...
Register platform support module: /Applications/2020.3.26f1/PlaybackEngines/WebGLSupport/UnityEditor.WebGL.Extensions.dll
Register platform support module: /Applications/2020.3.26f1/Unity.app/Contents/PlaybackEngines/MacStandaloneSupport/UnityEditor.OSXStandalone.Extensions.dll
Registered in 0.000481 seconds.
Native extension for OSXStandalone target not found
Native extension for WebGL target not found
Refreshing native plugins compatible for Editor in 97.39 ms, found 2 plugins.
Preloading 0 native plugins for Editor in 0.00 ms.
Mono: successfully reloaded assembly
- Completed reload, in  1.211 seconds
Domain Reload Profiling:
	ReloadAssembly (1211ms)
		BeginReloadAssembly (64ms)
			ExecutionOrderSort (0ms)
			DisableScriptedObjects (0ms)
			BackupInstance (0ms)
			ReleaseScriptingObjects (0ms)
			CreateAndSetChildDomain (1ms)
		EndReloadAssembly (1043ms)
			LoadAssemblies (63ms)
			RebuildTransferFunctionScriptingTraits (0ms)
			SetupTypeCache (267ms)
			ReleaseScriptCaches (0ms)
			RebuildScriptCaches (146ms)
			SetupLoadedEditorAssemblies (320ms)
				LogAssemblyErrors (0ms)
				InitializePlatformSupportModulesInManaged (8ms)
				SetLoadedEditorAssemblies (0ms)
				RefreshPlugins (97ms)
				BeforeProcessingInitializeOnLoad (13ms)
				ProcessInitializeOnLoadAttributes (155ms)
				ProcessInitializeOnLoadMethodAttributes (47ms)
				AfterProcessingInitializeOnLoad (0ms)
				EditorAssembliesLoaded (0ms)
			ExecutionOrderSort2 (0ms)
			AwakeInstancesAfterBackupRestoration (0ms)
Platform modules already initialized, skipping
Registering precompiled user dll's ...
Registered in 0.003101 seconds.
Begin MonoManager ReloadAssembly
Native extension for OSXStandalone target not found
Native extension for WebGL target not found
Refreshing native plugins compatible for Editor in 1.31 ms, found 2 plugins.
Preloading 0 native plugins for Editor in 0.00 ms.
Mono: successfully reloaded assembly
- Completed reload, in  4.878 seconds
Domain Reload Profiling:
	ReloadAssembly (4892ms)
		BeginReloadAssembly (526ms)
			ExecutionOrderSort (0ms)
			DisableScriptedObjects (18ms)
			BackupInstance (0ms)
			ReleaseScriptingObjects (0ms)
			CreateAndSetChildDomain (108ms)
		EndReloadAssembly (4085ms)
			LoadAssemblies (871ms)
			RebuildTransferFunctionScriptingTraits (0ms)
			SetupTypeCache (1185ms)
			ReleaseScriptCaches (1ms)
			RebuildScriptCaches (210ms)
			SetupLoadedEditorAssemblies (1421ms)
				LogAssemblyErrors (0ms)
				InitializePlatformSupportModulesInManaged (24ms)
				SetLoadedEditorAssemblies (2ms)
				RefreshPlugins (1ms)
				BeforeProcessingInitializeOnLoad (190ms)
				ProcessInitializeOnLoadAttributes (1151ms)
				ProcessInitializeOnLoadMethodAttributes (48ms)
				AfterProcessingInitializeOnLoad (2ms)
				EditorAssembliesLoaded (3ms)
			ExecutionOrderSort2 (0ms)
			AwakeInstancesAfterBackupRestoration (44ms)
Platform modules already initialized, skipping
Validating Project structure ... 0.089503 seconds.
Shader import version has changed; will reimport all shaders...
Upgrading shader files ...0.505581 seconds.
Application.AssetDatabase Initial Script Refresh Start
RefreshInfo: InitialScriptRefreshV2(NoUpdateAssetOptions) scanfilter:  ... 1 filters
RefreshProfiler: Total: 0.000ms
Application.AssetDatabase Initial Script Refresh End
Application.AssetDatabase.Refresh Start
Application.AssetDatabase.Refresh End
RefreshInfo: StopAssetImportingV2(ForceSynchronousImport) scanfilter: 
RefreshProfiler: Total: 0.000ms
Launching external process: /Applications/2020.3.26f1/Unity.app/Contents/Tools/UnityShaderCompiler
Launched and connected shader compiler UnityShaderCompiler after 0.08 seconds
Initializing Unity extensions:
========================================================================
Worker process is ready to serve import requests
Refreshing native plugins compatible for Editor in 0.56 ms, found 2 plugins.
Preloading 0 native plugins for Editor in 0.00 ms.
Unloading 1665 Unused Serialized files (Serialized files now loaded: 0)
System memory in use before: 189.6 MB.
System memory in use after: 188.9 MB.

Unloading 197 unused Assets to reduce memory usage. Loaded Objects now: 2153.
Total: 4.597151 ms (FindLiveObjects: 0.205520 ms CreateObjectMapping: 0.092494 ms MarkObjects: 3.340573 ms  DeleteObjects: 0.957315 ms)

AssetImportParameters requested are different than current active one (requested -> active):
  custom:video-decoder-ogg-theora: a1e56fd34408186e4bbccfd4996cb3dc -> 
  custom:container-muxer-webm: aa71ff27fc2769a1b78a27578f13a17b -> 
  custom:container-demuxer-webm: 4f35f7cbe854078d1ac9338744f61a02 -> 
  custom:container-demuxer-ogg: 62fdf1f143b41e24485cea50d1cbac27 -> 
  custom:video-encoder-webm-vp8: eb34c28f22e8b96e1ab97ce403110664 -> 
  custom:framework-osx-AVFoundation: b23960f63f64bdc6ff669e2cdcee2391 -> 
  custom:video-decoder-webm-vp8: 9c59270c3fd7afecdb556c50c9e8de78 -> 
  custom:audio-decoder-ogg-vorbis: bf7c407c2cedff20999df2af8eb42d56 -> 
  custom:audio-encoder-webm-vorbis: bf7c407c2cedff20999df2af8eb42d56 -> 
========================================================================
Received Import Request.
  path: Assets/Garage/armadio_garage.fbx
  artifactKey: Guid(eb06ba059c813406596080251af487fb) Importer(815301076,1909f56bfc062723c751e8b465ee728b)
Start importing Assets/Garage/armadio_garage.fbx using Guid(eb06ba059c813406596080251af487fb) Importer(815301076,1909f56bfc062723c751e8b465ee728b)  -> (artifact id: '91be1e8fecfcdd1943a60ab73d039117') in 0.680000 seconds 
  Import took 0.691284 seconds .

========================================================================
Received Import Request.
  Time since last request: 0.000338 seconds.
  path: Assets/Garage
  artifactKey: Guid(6075e1b99614e4bd492c8a4811670ed4) Importer(815301076,1909f56bfc062723c751e8b465ee728b)
Start importing Assets/Garage using Guid(6075e1b99614e4bd492c8a4811670ed4) Importer(815301076,1909f56bfc062723c751e8b465ee728b)  -> (artifact id: 'd85fd9c7690179feeaf2811fffb039da') in 0.001355 seconds 
  Import took 0.005892 seconds .

========================================================================
Received Import Request.
  Time since last request: 150.467278 seconds.
  path: Assets/Garage/mensola_garage.fbx
  artifactKey: Guid(7bdb6612e4453450686ba2bc3660fdd0) Importer(815301076,1909f56bfc062723c751e8b465ee728b)
Start importing Assets/Garage/mensola_garage.fbx using Guid(7bdb6612e4453450686ba2bc3660fdd0) Importer(815301076,1909f56bfc062723c751e8b465ee728b)  -> (artifact id: 'b4851abf7d3b1539eba6082ea8a661a2') in 0.080938 seconds 
  Import took 0.105373 seconds .

========================================================================
Received Import Request.
  Time since last request: 130.268291 seconds.
  path: Assets/Garage/cestino_garage.fbx
  artifactKey: Guid(076e0a8ab8c2a4ccbae4b3aa219276dc) Importer(815301076,1909f56bfc062723c751e8b465ee728b)
Start importing Assets/Garage/cestino_garage.fbx using Guid(076e0a8ab8c2a4ccbae4b3aa219276dc) Importer(815301076,1909f56bfc062723c751e8b465ee728b)  -> (artifact id: '9c0537f4ea7bf91f534dc6aa31b4e1fa') in 0.075403 seconds 
  Import took 0.104925 seconds .

========================================================================
Received Import Request.
  Time since last request: 313.527312 seconds.
  path: Assets/Garage/cestino_garage.fbx
  artifactKey: Guid(076e0a8ab8c2a4ccbae4b3aa219276dc) Importer(815301076,1909f56bfc062723c751e8b465ee728b)
Start importing Assets/Garage/cestino_garage.fbx using Guid(076e0a8ab8c2a4ccbae4b3aa219276dc) Importer(815301076,1909f56bfc062723c751e8b465ee728b)  -> (artifact id: 'e1ca97ac3b7e510ec4e9f0649021a66f') in 0.050376 seconds 
  Import took 0.061913 seconds .

========================================================================
Received Import Request.
  Time since last request: 402.111333 seconds.
  path: Assets/Garage/cestino_garage.fbx
  artifactKey: Guid(076e0a8ab8c2a4ccbae4b3aa219276dc) Importer(815301076,1909f56bfc062723c751e8b465ee728b)
Start importing Assets/Garage/cestino_garage.fbx using Guid(076e0a8ab8c2a4ccbae4b3aa219276dc) Importer(815301076,1909f56bfc062723c751e8b465ee728b)  -> (artifact id: '28e8daa922aebe87fd68a713fe26dc6d') in 0.080204 seconds 
  Import took 0.113235 seconds .

========================================================================
Received Import Request.
  Time since last request: 743.031814 seconds.
  path: Assets/Garage/cestino_garage.fbx
  artifactKey: Guid(076e0a8ab8c2a4ccbae4b3aa219276dc) Importer(815301076,1909f56bfc062723c751e8b465ee728b)
Start importing Assets/Garage/cestino_garage.fbx using Guid(076e0a8ab8c2a4ccbae4b3aa219276dc) Importer(815301076,1909f56bfc062723c751e8b465ee728b)  -> (artifact id: '05f0ac52b6da35ebbd1f856ad33f6313') in 0.083939 seconds 
  Import took 0.093625 seconds .

========================================================================
Received Import Request.
  Time since last request: 124.342021 seconds.
  path: Assets/Garage/cestino_garage.fbx
  artifactKey: Guid(076e0a8ab8c2a4ccbae4b3aa219276dc) Importer(815301076,1909f56bfc062723c751e8b465ee728b)
Start importing Assets/Garage/cestino_garage.fbx using Guid(076e0a8ab8c2a4ccbae4b3aa219276dc) Importer(815301076,1909f56bfc062723c751e8b465ee728b)  -> (artifact id: '3b659be6f9a0bce7ebb2bf967c45a1e6') in 0.056342 seconds 
  Import took 0.092201 seconds .

========================================================================
Received Import Request.
  Time since last request: 177.221578 seconds.
  path: Assets/Garage/cassa_garage.fbx
  artifactKey: Guid(f24d7c53d58aa444cbeae327916f895a) Importer(815301076,1909f56bfc062723c751e8b465ee728b)
Start importing Assets/Garage/cassa_garage.fbx using Guid(f24d7c53d58aa444cbeae327916f895a) Importer(815301076,1909f56bfc062723c751e8b465ee728b)  -> (artifact id: '17d55928cf2faa5996a26614e6d868e8') in 0.089449 seconds 
  Import took 0.095276 seconds .

========================================================================
Received Import Request.
  Time since last request: 213.975425 seconds.
  path: Assets/Garage/cassa_garage.fbx
  artifactKey: Guid(f24d7c53d58aa444cbeae327916f895a) Importer(815301076,1909f56bfc062723c751e8b465ee728b)
Start importing Assets/Garage/cassa_garage.fbx using Guid(f24d7c53d58aa444cbeae327916f895a) Importer(815301076,1909f56bfc062723c751e8b465ee728b)  -> (artifact id: '6bdd7e1d6a4c127c67ddb71baf2ca9c5') in 0.179137 seconds 
  Import took 0.302403 seconds .

========================================================================
Received Import Request.
  Time since last request: 135.066229 seconds.
  path: Assets/Garage/cassa_garage.fbx
  artifactKey: Guid(f24d7c53d58aa444cbeae327916f895a) Importer(815301076,1909f56bfc062723c751e8b465ee728b)
Start importing Assets/Garage/cassa_garage.fbx using Guid(f24d7c53d58aa444cbeae327916f895a) Importer(815301076,1909f56bfc062723c751e8b465ee728b)  -> (artifact id: '8758bd69f9d06300b118efa0293f8123') in 0.055529 seconds 
  Import took 0.061247 seconds .

========================================================================
Received Import Request.
  Time since last request: 150.240863 seconds.
  path: Assets/Garage/cassa_garage.fbx
  artifactKey: Guid(f24d7c53d58aa444cbeae327916f895a) Importer(815301076,1909f56bfc062723c751e8b465ee728b)
Start importing Assets/Garage/cassa_garage.fbx using Guid(f24d7c53d58aa444cbeae327916f895a) Importer(815301076,1909f56bfc062723c751e8b465ee728b)  -> (artifact id: '758563ed9cc330cc14085b6488ef603e') in 0.127486 seconds 
  Import took 0.133304 seconds .

========================================================================
Received Import Request.
  Time since last request: 413.084552 seconds.
  path: Assets/Garage/cassa_garage.fbx
  artifactKey: Guid(f24d7c53d58aa444cbeae327916f895a) Importer(815301076,1909f56bfc062723c751e8b465ee728b)
Start importing Assets/Garage/cassa_garage.fbx using Guid(f24d7c53d58aa444cbeae327916f895a) Importer(815301076,1909f56bfc062723c751e8b465ee728b)  -> (artifact id: '75cad2096df2de1fb637e78edfeb2bfd') in 0.046309 seconds 
  Import took 0.064822 seconds .

========================================================================
Received Import Request.
  Time since last request: 222.083573 seconds.
  path: Assets/Garage/attrezzi_garage.fbx
  artifactKey: Guid(c3b329830021c4418ad6d6dd6a32747e) Importer(815301076,1909f56bfc062723c751e8b465ee728b)
Start importing Assets/Garage/attrezzi_garage.fbx using Guid(c3b329830021c4418ad6d6dd6a32747e) Importer(815301076,1909f56bfc062723c751e8b465ee728b)  -> (artifact id: 'a92e34563c83c572aab45c755e99b06d') in 0.053788 seconds 
  Import took 0.084066 seconds .

========================================================================
Received Import Request.
  Time since last request: 446.689891 seconds.
  path: Assets/Garage/attrezzi_garage.fbx
  artifactKey: Guid(c3b329830021c4418ad6d6dd6a32747e) Importer(815301076,1909f56bfc062723c751e8b465ee728b)
Start importing Assets/Garage/attrezzi_garage.fbx using Guid(c3b329830021c4418ad6d6dd6a32747e) Importer(815301076,1909f56bfc062723c751e8b465ee728b)  -> (artifact id: 'b340c7520b204d0819e97eb49092e37f') in 0.024160 seconds 
  Import took 0.032265 seconds .

========================================================================
Received Import Request.
  Time since last request: 67.715445 seconds.
  path: Assets/Garage/attrezzi_garage.fbx
  artifactKey: Guid(c3b329830021c4418ad6d6dd6a32747e) Importer(815301076,1909f56bfc062723c751e8b465ee728b)
Start importing Assets/Garage/attrezzi_garage.fbx using Guid(c3b329830021c4418ad6d6dd6a32747e) Importer(815301076,1909f56bfc062723c751e8b465ee728b)  -> (artifact id: '0f76b49d8d100fa83f12299b24e7490d') in 0.071450 seconds 
  Import took 0.076575 seconds .

