Unity Editor version:    2020.3.26f1 (7298b473bc1a)
Branch:                  2020.3/staging
Build type:              Release
Batch mode:              YES
macOS version:           Version 10.14.6 (Build 18G103)
Darwin version:          18.7.0
Architecture:            x86_64
Running under Rosetta:   NO
Available memory:        8192 MB
Using pre-set license
Pro License: NO

COMMAND LINE ARGUMENTS:
/Applications/2020.3.26f1/Unity.app/Contents/MacOS/Unity
-adb2
-batchMode
-noUpm
-name
AssetImportWorker5
-projectPath
/Volumes/TOSHIBA EXT/VR
-logFile
Logs/AssetImportWorker5.log
-srvPort
52529
Successfully changed project path to: /Volumes/TOSHIBA EXT/VR
/Volumes/TOSHIBA EXT/VR
Using Asset Import Pipeline V2.
Refreshing native plugins compatible for Editor in 52.71 ms, found 2 plugins.
Preloading 0 native plugins for Editor in 0.00 ms.
Initialize engine version: 2020.3.26f1 (7298b473bc1a)
[Subsystems] Discovering subsystems at path /Applications/2020.3.26f1/Unity.app/Contents/Resources/UnitySubsystems
[Subsystems] Discovering subsystems at path /Volumes/TOSHIBA EXT/VR/Assets
GfxDevice: creating device client; threaded=0
2022-02-02 15:52:16.509 Unity[20158:8968017] Color LCD preferred device: Intel(R) Iris(TM) Graphics 6100 (low power)
2022-02-02 15:52:16.509 Unity[20158:8968017] Metal devices available: 1
2022-02-02 15:52:16.509 Unity[20158:8968017] 0: Intel(R) Iris(TM) Graphics 6100 (low power)
2022-02-02 15:52:16.510 Unity[20158:8968017] Using device Intel(R) Iris(TM) Graphics 6100 (low power)
Initializing Metal device caps: Intel(R) Iris(TM) Graphics 6100
Initialize mono
Mono path[0] = '/Applications/2020.3.26f1/Unity.app/Contents/Managed'
Mono path[1] = '/Applications/2020.3.26f1/Unity.app/Contents/MonoBleedingEdge/lib/mono/unityjit'
Mono config path = '/Applications/2020.3.26f1/Unity.app/Contents/MonoBleedingEdge/etc'
Using monoOptions --debugger-agent=transport=dt_socket,embedding=1,server=y,suspend=n,address=127.0.0.1:56158
Begin MonoManager ReloadAssembly
Registering precompiled unity dll's ...
Register platform support module: /Applications/2020.3.26f1/PlaybackEngines/WebGLSupport/UnityEditor.WebGL.Extensions.dll
Register platform support module: /Applications/2020.3.26f1/Unity.app/Contents/PlaybackEngines/MacStandaloneSupport/UnityEditor.OSXStandalone.Extensions.dll
Registered in 0.000550 seconds.
Native extension for OSXStandalone target not found
Native extension for WebGL target not found
Refreshing native plugins compatible for Editor in 61.17 ms, found 2 plugins.
Preloading 0 native plugins for Editor in 0.00 ms.
Mono: successfully reloaded assembly
- Completed reload, in  0.993 seconds
Domain Reload Profiling:
	ReloadAssembly (993ms)
		BeginReloadAssembly (58ms)
			ExecutionOrderSort (0ms)
			DisableScriptedObjects (0ms)
			BackupInstance (0ms)
			ReleaseScriptingObjects (0ms)
			CreateAndSetChildDomain (1ms)
		EndReloadAssembly (821ms)
			LoadAssemblies (57ms)
			RebuildTransferFunctionScriptingTraits (0ms)
			SetupTypeCache (325ms)
			ReleaseScriptCaches (0ms)
			RebuildScriptCaches (60ms)
			SetupLoadedEditorAssemblies (286ms)
				LogAssemblyErrors (0ms)
				InitializePlatformSupportModulesInManaged (8ms)
				SetLoadedEditorAssemblies (1ms)
				RefreshPlugins (61ms)
				BeforeProcessingInitializeOnLoad (12ms)
				ProcessInitializeOnLoadAttributes (163ms)
				ProcessInitializeOnLoadMethodAttributes (41ms)
				AfterProcessingInitializeOnLoad (0ms)
				EditorAssembliesLoaded (0ms)
			ExecutionOrderSort2 (0ms)
			AwakeInstancesAfterBackupRestoration (0ms)
Platform modules already initialized, skipping
Registering precompiled user dll's ...
Registered in 0.002908 seconds.
Begin MonoManager ReloadAssembly
Native extension for OSXStandalone target not found
Native extension for WebGL target not found
Refreshing native plugins compatible for Editor in 0.51 ms, found 2 plugins.
Preloading 0 native plugins for Editor in 0.00 ms.
Mono: successfully reloaded assembly
- Completed reload, in  1.679 seconds
Domain Reload Profiling:
	ReloadAssembly (1693ms)
		BeginReloadAssembly (211ms)
			ExecutionOrderSort (0ms)
			DisableScriptedObjects (7ms)
			BackupInstance (0ms)
			ReleaseScriptingObjects (0ms)
			CreateAndSetChildDomain (43ms)
		EndReloadAssembly (1390ms)
			LoadAssemblies (108ms)
			RebuildTransferFunctionScriptingTraits (0ms)
			SetupTypeCache (497ms)
			ReleaseScriptCaches (0ms)
			RebuildScriptCaches (78ms)
			SetupLoadedEditorAssemblies (492ms)
				LogAssemblyErrors (0ms)
				InitializePlatformSupportModulesInManaged (9ms)
				SetLoadedEditorAssemblies (1ms)
				RefreshPlugins (1ms)
				BeforeProcessingInitializeOnLoad (87ms)
				ProcessInitializeOnLoadAttributes (379ms)
				ProcessInitializeOnLoadMethodAttributes (14ms)
				AfterProcessingInitializeOnLoad (1ms)
				EditorAssembliesLoaded (0ms)
			ExecutionOrderSort2 (0ms)
			AwakeInstancesAfterBackupRestoration (10ms)
Platform modules already initialized, skipping
Validating Project structure ... 0.012992 seconds.
Shader import version has changed; will reimport all shaders...
Upgrading shader files ...0.312530 seconds.
Application.AssetDatabase Initial Script Refresh Start
RefreshInfo: InitialScriptRefreshV2(NoUpdateAssetOptions) scanfilter:  ... 1 filters
RefreshProfiler: Total: 0.000ms
Application.AssetDatabase Initial Script Refresh End
Application.AssetDatabase.Refresh Start
Application.AssetDatabase.Refresh End
RefreshInfo: StopAssetImportingV2(ForceSynchronousImport) scanfilter: 
RefreshProfiler: Total: 0.000ms
Launching external process: /Applications/2020.3.26f1/Unity.app/Contents/Tools/UnityShaderCompiler
Launched and connected shader compiler UnityShaderCompiler after 0.02 seconds
Initializing Unity extensions:
========================================================================
Worker process is ready to serve import requests
Refreshing native plugins compatible for Editor in 0.75 ms, found 2 plugins.
Preloading 0 native plugins for Editor in 0.00 ms.
Unloading 1638 Unused Serialized files (Serialized files now loaded: 0)
System memory in use before: 175.1 MB.
System memory in use after: 173.8 MB.

Unloading 176 unused Assets to reduce memory usage. Loaded Objects now: 2114.
Total: 5.907902 ms (FindLiveObjects: 0.291542 ms CreateObjectMapping: 0.142027 ms MarkObjects: 3.993142 ms  DeleteObjects: 1.478885 ms)

AssetImportParameters requested are different than current active one (requested -> active):
  custom:video-decoder-ogg-theora: a1e56fd34408186e4bbccfd4996cb3dc -> 
  custom:container-muxer-webm: aa71ff27fc2769a1b78a27578f13a17b -> 
  custom:container-demuxer-webm: 4f35f7cbe854078d1ac9338744f61a02 -> 
  custom:container-demuxer-ogg: 62fdf1f143b41e24485cea50d1cbac27 -> 
  custom:video-encoder-webm-vp8: eb34c28f22e8b96e1ab97ce403110664 -> 
  custom:framework-osx-AVFoundation: b23960f63f64bdc6ff669e2cdcee2391 -> 
  custom:video-decoder-webm-vp8: 9c59270c3fd7afecdb556c50c9e8de78 -> 
  custom:audio-decoder-ogg-vorbis: bf7c407c2cedff20999df2af8eb42d56 -> 
  custom:audio-encoder-webm-vorbis: bf7c407c2cedff20999df2af8eb42d56 -> 
========================================================================
Received Import Request.
  path: Assets/Fabrizio/Animation
  artifactKey: Guid(eb0c54b63b4b443a2b1c708666b1635e) Importer(815301076,1909f56bfc062723c751e8b465ee728b)
Start importing Assets/Fabrizio/Animation using Guid(eb0c54b63b4b443a2b1c708666b1635e) Importer(815301076,1909f56bfc062723c751e8b465ee728b)  -> (artifact id: '8830cb935a8650d7421050a0731e5c56') in 0.090895 seconds 
  Import took 0.096282 seconds .

========================================================================
Received Import Request.
  Time since last request: 8.273881 seconds.
  path: Assets/Fabrizio/Sprite
  artifactKey: Guid(3cc76fb7e72234097be5dc550fbd2e65) Importer(815301076,1909f56bfc062723c751e8b465ee728b)
Start importing Assets/Fabrizio/Sprite using Guid(3cc76fb7e72234097be5dc550fbd2e65) Importer(815301076,1909f56bfc062723c751e8b465ee728b)  -> (artifact id: 'b43081ad0105fa334be401e3af328a0c') in 0.001433 seconds 
  Import took 0.010042 seconds .

========================================================================
Received Import Request.
  Time since last request: 1.412769 seconds.
  path: Assets/Fabrizio/Sprite/piedino_00000.png
  artifactKey: Guid(aef34469cc85548eca064d9bf4bfc5f2) Importer(815301076,1909f56bfc062723c751e8b465ee728b)
Start importing Assets/Fabrizio/Sprite/piedino_00000.png using Guid(aef34469cc85548eca064d9bf4bfc5f2) Importer(815301076,1909f56bfc062723c751e8b465ee728b)  -> (artifact id: '7c3ce775022f6a6add1eebc1916c6750') in 0.323828 seconds 
  Import took 0.328913 seconds .

========================================================================
Received Import Request.
  Time since last request: 34.525807 seconds.
  path: Assets/Fabrizio
  artifactKey: Guid(01427a9e310b14143af64a654221dd55) Importer(815301076,1909f56bfc062723c751e8b465ee728b)
Start importing Assets/Fabrizio using Guid(01427a9e310b14143af64a654221dd55) Importer(815301076,1909f56bfc062723c751e8b465ee728b)  -> (artifact id: 'f74242029f288b7a0d9d800dff484094') in 0.036981 seconds 
  Import took 0.041084 seconds .

========================================================================
Received Import Request.
  Time since last request: 9.484083 seconds.
  path: Assets/Fabrizio/Prova_Animazione.unity
  artifactKey: Guid(fd767fa97871945139b763be95e82cef) Importer(815301076,1909f56bfc062723c751e8b465ee728b)
Start importing Assets/Fabrizio/Prova_Animazione.unity using Guid(fd767fa97871945139b763be95e82cef) Importer(815301076,1909f56bfc062723c751e8b465ee728b)  -> (artifact id: '803a9e33bd887a8f9d7b6f06fa8557df') in 0.005804 seconds 
  Import took 0.015159 seconds .

========================================================================
Received Import Request.
  Time since last request: 97.816954 seconds.
  path: Assets/bak31dec.unity
  artifactKey: Guid(60ebf24e8a549074dbeecd4d126fc586) Importer(815301076,1909f56bfc062723c751e8b465ee728b)
Start importing Assets/bak31dec.unity using Guid(60ebf24e8a549074dbeecd4d126fc586) Importer(815301076,1909f56bfc062723c751e8b465ee728b)  -> (artifact id: '30661c06d405baf5bc6eee6033261232') in 0.006674 seconds 
  Import took 0.023134 seconds .

========================================================================
Received Import Request.
  Time since last request: 31.855472 seconds.
  path: Assets/CAR - Animation/Piedino.controller
  artifactKey: Guid(0e40888f068f4864484f7052fc6f64a5) Importer(815301076,1909f56bfc062723c751e8b465ee728b)
Start importing Assets/CAR - Animation/Piedino.controller using Guid(0e40888f068f4864484f7052fc6f64a5) Importer(815301076,1909f56bfc062723c751e8b465ee728b)  -> (artifact id: 'a54b61354e0a2a6040df1144fef68e56') in 0.263931 seconds 
  Import took 0.272024 seconds .

========================================================================
Received Import Request.
  Time since last request: 2.492825 seconds.
  path: Assets/CAR - Animation/piedino-show.anim
  artifactKey: Guid(27eda2e57928b9047a0068890cba8b47) Importer(815301076,1909f56bfc062723c751e8b465ee728b)
Start importing Assets/CAR - Animation/piedino-show.anim using Guid(27eda2e57928b9047a0068890cba8b47) Importer(815301076,1909f56bfc062723c751e8b465ee728b)  -> (artifact id: '42c91fa33ada84e20bb821e3422dcb09') in 0.256644 seconds 
  Import took 0.263343 seconds .

========================================================================
Received Import Request.
  Time since last request: 7.298026 seconds.
  path: Assets/CAR - Animation/piedino-idle.anim
  artifactKey: Guid(c7d35f3e8a0faa24690a17db7b1795bd) Importer(815301076,1909f56bfc062723c751e8b465ee728b)
Start importing Assets/CAR - Animation/piedino-idle.anim using Guid(c7d35f3e8a0faa24690a17db7b1795bd) Importer(815301076,1909f56bfc062723c751e8b465ee728b)  -> (artifact id: 'd630457efd9a87bf47b809600a86edf4') in 0.002990 seconds 
  Import took 0.008172 seconds .

========================================================================
Received Import Request.
  Time since last request: 7.415611 seconds.
  path: Assets/CAR - Animation/piedino-hide.anim
  artifactKey: Guid(1577a4df3f59259428e24b749001893c) Importer(815301076,1909f56bfc062723c751e8b465ee728b)
Start importing Assets/CAR - Animation/piedino-hide.anim using Guid(1577a4df3f59259428e24b749001893c) Importer(815301076,1909f56bfc062723c751e8b465ee728b)  -> (artifact id: '743fb60676ad56cc6918df4f1bce2a0f') in 0.003311 seconds 
  Import took 0.007093 seconds .

========================================================================
Received Import Request.
  Time since last request: 2.477947 seconds.
  path: Assets/CAR - Animation/piedino-hidden.anim
  artifactKey: Guid(a6feb22bb80b7494eb8b348141a661ff) Importer(815301076,1909f56bfc062723c751e8b465ee728b)
Start importing Assets/CAR - Animation/piedino-hidden.anim using Guid(a6feb22bb80b7494eb8b348141a661ff) Importer(815301076,1909f56bfc062723c751e8b465ee728b)  -> (artifact id: 'a1277711a1b4bb995abfc36ec151a5f8') in 0.019161 seconds 
  Import took 0.027808 seconds .

========================================================================
Received Import Request.
  Time since last request: 67.526375 seconds.
  path: Assets/CAR - Assets/apple.png
  artifactKey: Guid(5b34544f73aa1d6488330c9a7a7af0c1) Importer(815301076,1909f56bfc062723c751e8b465ee728b)
Start importing Assets/CAR - Assets/apple.png using Guid(5b34544f73aa1d6488330c9a7a7af0c1) Importer(815301076,1909f56bfc062723c751e8b465ee728b)  -> (artifact id: 'f1c2082558f2da117ed7742232d8cf3c') in 0.174337 seconds 
  Import took 0.179981 seconds .

========================================================================
Received Import Request.
  Time since last request: 0.000278 seconds.
  path: Assets/CAR - Assets/butt.png
  artifactKey: Guid(aebeea17025f9ca4d95659bc6ca310af) Importer(815301076,1909f56bfc062723c751e8b465ee728b)
Start importing Assets/CAR - Assets/butt.png using Guid(aebeea17025f9ca4d95659bc6ca310af) Importer(815301076,1909f56bfc062723c751e8b465ee728b)  -> (artifact id: '6785602e662265ffedaab201d097a716') in 0.104575 seconds 
  Import took 0.109496 seconds .

========================================================================
Received Import Request.
  Time since last request: 0.000256 seconds.
  path: Assets/CAR - Assets/button.png
  artifactKey: Guid(c41d847c970ef4b4ebb40c9e86664919) Importer(815301076,1909f56bfc062723c751e8b465ee728b)
Start importing Assets/CAR - Assets/button.png using Guid(c41d847c970ef4b4ebb40c9e86664919) Importer(815301076,1909f56bfc062723c751e8b465ee728b)  -> (artifact id: '261a7874aca9fc94b68af812081c2255') in 0.051015 seconds 
  Import took 0.061104 seconds .

========================================================================
Received Import Request.
  Time since last request: 0.001312 seconds.
  path: Assets/CAR - Assets/blablacar.png
  artifactKey: Guid(36ff55d5e97b78f40950a96e0cc96b56) Importer(815301076,1909f56bfc062723c751e8b465ee728b)
Start importing Assets/CAR - Assets/blablacar.png using Guid(36ff55d5e97b78f40950a96e0cc96b56) Importer(815301076,1909f56bfc062723c751e8b465ee728b)  -> (artifact id: 'f1b347d301cf9212b21a531c931de918') in 0.051684 seconds 
  Import took 0.060074 seconds .

========================================================================
Received Import Request.
  Time since last request: 0.000400 seconds.
  path: Assets/Standard Assets/2D/Sprites/BackgroundGreyGridSprite.png
  artifactKey: Guid(cbbabe9e292f5604897926494bb38fef) Importer(815301076,1909f56bfc062723c751e8b465ee728b)
Start importing Assets/Standard Assets/2D/Sprites/BackgroundGreyGridSprite.png using Guid(cbbabe9e292f5604897926494bb38fef) Importer(815301076,1909f56bfc062723c751e8b465ee728b)  -> (artifact id: '7b81ad281412376612d038891b91e2b5') in 0.056078 seconds 
  Import took 0.064251 seconds .

========================================================================
Received Import Request.
  Time since last request: 0.000303 seconds.
  path: Assets/Standard Assets/2D/Sprites/BackgroundNavyGridSprite.png
  artifactKey: Guid(1d0c184845252df44a655359de388cb8) Importer(815301076,1909f56bfc062723c751e8b465ee728b)
Start importing Assets/Standard Assets/2D/Sprites/BackgroundNavyGridSprite.png using Guid(1d0c184845252df44a655359de388cb8) Importer(815301076,1909f56bfc062723c751e8b465ee728b)  -> (artifact id: '5a341fe9a3ae2eb57417fdb02dde536b') in 0.059804 seconds 
  Import took 0.065761 seconds .

========================================================================
Received Import Request.
  Time since last request: 0.001559 seconds.
  path: Assets/Standard Assets/CrossPlatformInput/Sprites/ButtonAcceleratorOverSprite.png
  artifactKey: Guid(eb5f6e2757c821940b69cf1456f7865a) Importer(815301076,1909f56bfc062723c751e8b465ee728b)
Start importing Assets/Standard Assets/CrossPlatformInput/Sprites/ButtonAcceleratorOverSprite.png using Guid(eb5f6e2757c821940b69cf1456f7865a) Importer(815301076,1909f56bfc062723c751e8b465ee728b)  -> (artifact id: 'de856a25e2cf4f1d1ef1ff0f444c6c8b') in 0.063089 seconds 
  Import took 0.067550 seconds .

========================================================================
Received Import Request.
  Time since last request: 0.000307 seconds.
  path: Assets/CAR - Assets/bacon.png
  artifactKey: Guid(b9b1082d443e4c444962022d203a9887) Importer(815301076,1909f56bfc062723c751e8b465ee728b)
Start importing Assets/CAR - Assets/bacon.png using Guid(b9b1082d443e4c444962022d203a9887) Importer(815301076,1909f56bfc062723c751e8b465ee728b)  -> (artifact id: 'f08c750987498684c9bae76c0fa4046b') in 0.061212 seconds 
  Import took 0.065862 seconds .

========================================================================
Received Import Request.
  Time since last request: 1.243520 seconds.
  path: Assets/Standard Assets/CrossPlatformInput/Sprites/ButtonAcceleratorUpSprite.png
  artifactKey: Guid(f588d850485d0ae479d73cf3bd0b7b00) Importer(815301076,1909f56bfc062723c751e8b465ee728b)
Start importing Assets/Standard Assets/CrossPlatformInput/Sprites/ButtonAcceleratorUpSprite.png using Guid(f588d850485d0ae479d73cf3bd0b7b00) Importer(815301076,1909f56bfc062723c751e8b465ee728b)  -> (artifact id: '971aeeb30c5206724024c65a8df78967') in 0.096833 seconds 
  Import took 0.101738 seconds .

========================================================================
Received Import Request.
  Time since last request: 0.000301 seconds.
  path: Assets/Standard Assets/CrossPlatformInput/Sprites/ButtonBrakeUpSprite.png
  artifactKey: Guid(827c9cd4a3943534f909ac6473e17288) Importer(815301076,1909f56bfc062723c751e8b465ee728b)
Start importing Assets/Standard Assets/CrossPlatformInput/Sprites/ButtonBrakeUpSprite.png using Guid(827c9cd4a3943534f909ac6473e17288) Importer(815301076,1909f56bfc062723c751e8b465ee728b)  -> (artifact id: '31b9cbda75863444f0b676d6be1c67e0') in 0.034040 seconds 
  Import took 0.038005 seconds .

========================================================================
Received Import Request.
  Time since last request: 0.000403 seconds.
  path: Assets/Standard Assets/CrossPlatformInput/Sprites/ButtonThumbstickOverSprite.png
  artifactKey: Guid(5485e2f56028a3c4cb54f5caa167377e) Importer(815301076,1909f56bfc062723c751e8b465ee728b)
Start importing Assets/Standard Assets/CrossPlatformInput/Sprites/ButtonThumbstickOverSprite.png using Guid(5485e2f56028a3c4cb54f5caa167377e) Importer(815301076,1909f56bfc062723c751e8b465ee728b)  -> (artifact id: 'd5e62832ba44d09985ba56175c85b3f3') in 0.062765 seconds 
  Import took 0.076178 seconds .

========================================================================
Received Import Request.
  Time since last request: 0.000525 seconds.
  path: Assets/Standard Assets/CrossPlatformInput/Sprites/ButtonTimescaleFullUpSprite.png
  artifactKey: Guid(0c6271a290ef75b4c97d58746c86c5b8) Importer(815301076,1909f56bfc062723c751e8b465ee728b)
Start importing Assets/Standard Assets/CrossPlatformInput/Sprites/ButtonTimescaleFullUpSprite.png using Guid(0c6271a290ef75b4c97d58746c86c5b8) Importer(815301076,1909f56bfc062723c751e8b465ee728b)  -> (artifact id: 'c0c0cae178e387cc87b920fc725efef2') in 0.056397 seconds 
  Import took 0.061923 seconds .

========================================================================
Received Import Request.
  Time since last request: 0.000347 seconds.
  path: Assets/Standard Assets/CrossPlatformInput/Sprites/ButtonTimescaleSlowUpSprite.png
  artifactKey: Guid(9d7c6e4896067aa4fa512a00f692ac1c) Importer(815301076,1909f56bfc062723c751e8b465ee728b)
Start importing Assets/Standard Assets/CrossPlatformInput/Sprites/ButtonTimescaleSlowUpSprite.png using Guid(9d7c6e4896067aa4fa512a00f692ac1c) Importer(815301076,1909f56bfc062723c751e8b465ee728b)  -> (artifact id: 'be50e5c43c245282182e42620b72e852') in 0.044491 seconds 
  Import took 0.049519 seconds .

========================================================================
Received Import Request.
  Time since last request: 0.000520 seconds.
  path: Assets/Standard Assets/CrossPlatformInput/Sprites/ButtonArrowOverSprite.png
  artifactKey: Guid(49b611e658efbf443b686a4036f74fe3) Importer(815301076,1909f56bfc062723c751e8b465ee728b)
Start importing Assets/Standard Assets/CrossPlatformInput/Sprites/ButtonArrowOverSprite.png using Guid(49b611e658efbf443b686a4036f74fe3) Importer(815301076,1909f56bfc062723c751e8b465ee728b)  -> (artifact id: 'be96e1da455afadd0ed9a6724878dea9') in 0.026741 seconds 
  Import took 0.039361 seconds .

========================================================================
Received Import Request.
  Time since last request: 0.000268 seconds.
  path: Assets/Standard Assets/CrossPlatformInput/Sprites/ButtonBrakeOverSprite.png
  artifactKey: Guid(5b1a64ea234fb2343b8d0686c51280de) Importer(815301076,1909f56bfc062723c751e8b465ee728b)
Start importing Assets/Standard Assets/CrossPlatformInput/Sprites/ButtonBrakeOverSprite.png using Guid(5b1a64ea234fb2343b8d0686c51280de) Importer(815301076,1909f56bfc062723c751e8b465ee728b)  -> (artifact id: 'aee423c4b1c9bda8c154a62b81cf3506') in 0.148558 seconds 
  Import took 0.153136 seconds .

========================================================================
Received Import Request.
  Time since last request: 0.000267 seconds.
  path: Assets/Standard Assets/CrossPlatformInput/Sprites/ButtonSpacebarSprite.png
  artifactKey: Guid(3d8675433a508ec47b8f895201eacf20) Importer(815301076,1909f56bfc062723c751e8b465ee728b)
Start importing Assets/Standard Assets/CrossPlatformInput/Sprites/ButtonSpacebarSprite.png using Guid(3d8675433a508ec47b8f895201eacf20) Importer(815301076,1909f56bfc062723c751e8b465ee728b)  -> (artifact id: 'bfec4a939bb2b25f68b2aab7eb97668b') in 0.066186 seconds 
  Import took 0.071844 seconds .

========================================================================
Received Import Request.
  Time since last request: 0.001777 seconds.
  path: Assets/Standard Assets/CrossPlatformInput/Sprites/ButtonThumbstickUpSprite.png
  artifactKey: Guid(9866a92691696b346901281f2b329034) Importer(815301076,1909f56bfc062723c751e8b465ee728b)
Start importing Assets/Standard Assets/CrossPlatformInput/Sprites/ButtonThumbstickUpSprite.png using Guid(9866a92691696b346901281f2b329034) Importer(815301076,1909f56bfc062723c751e8b465ee728b)  -> (artifact id: '47c6bd9c33c14327dce87df6864afa8d') in 0.090984 seconds 
  Import took 0.097512 seconds .

========================================================================
Received Import Request.
  Time since last request: 0.000405 seconds.
  path: Assets/Standard Assets/CrossPlatformInput/Sprites/ButtonResetSprite.png
  artifactKey: Guid(a94c9a7eb94ceec4a8d67a1890e22e51) Importer(815301076,1909f56bfc062723c751e8b465ee728b)
Start importing Assets/Standard Assets/CrossPlatformInput/Sprites/ButtonResetSprite.png using Guid(a94c9a7eb94ceec4a8d67a1890e22e51) Importer(815301076,1909f56bfc062723c751e8b465ee728b)  -> (artifact id: '806d7f94bda04eef641445b47bfbcbd7') in 0.075577 seconds 
  Import took 0.079929 seconds .

========================================================================
Received Import Request.
  Time since last request: 0.000333 seconds.
  path: Assets/Standard Assets/CrossPlatformInput/Sprites/ButtonArrowUpSprite.png
  artifactKey: Guid(4db017495c69e8140a56a0e2b669e3f8) Importer(815301076,1909f56bfc062723c751e8b465ee728b)
Start importing Assets/Standard Assets/CrossPlatformInput/Sprites/ButtonArrowUpSprite.png using Guid(4db017495c69e8140a56a0e2b669e3f8) Importer(815301076,1909f56bfc062723c751e8b465ee728b)  -> (artifact id: 'fa324bb8adcab9fc4d216800e6c22466') in 0.045662 seconds 
  Import took 0.049320 seconds .

========================================================================
Received Import Request.
  Time since last request: 0.000264 seconds.
  path: Assets/Standard Assets/CrossPlatformInput/Sprites/ButtonCameraCycleUpSprite.png
  artifactKey: Guid(a3983c59ebf804b4abba687bd7c9e92f) Importer(815301076,1909f56bfc062723c751e8b465ee728b)
Start importing Assets/Standard Assets/CrossPlatformInput/Sprites/ButtonCameraCycleUpSprite.png using Guid(a3983c59ebf804b4abba687bd7c9e92f) Importer(815301076,1909f56bfc062723c751e8b465ee728b)  -> (artifact id: 'b0a7dacf2c7e4c9857083e1d52ea0b20') in 0.046362 seconds 
  Import took 0.051640 seconds .

========================================================================
Received Import Request.
  Time since last request: 1.436923 seconds.
  path: Assets/CAR - Assets/car.png
  artifactKey: Guid(c7d5e3deb30f6cb4eb7bf7ea2ec72735) Importer(815301076,1909f56bfc062723c751e8b465ee728b)
Start importing Assets/CAR - Assets/car.png using Guid(c7d5e3deb30f6cb4eb7bf7ea2ec72735) Importer(815301076,1909f56bfc062723c751e8b465ee728b)  -> (artifact id: '2c6ef90b1460cbbd7b04d4977cccee07') in 0.063881 seconds 
  Import took 0.069145 seconds .

========================================================================
Received Import Request.
  Time since last request: 0.000435 seconds.
  path: Assets/SampleScenes/Menu/Sprites/MenuCornerTopRightSprite.png
  artifactKey: Guid(2b592d40fd47980478920e3ed65b0985) Importer(815301076,1909f56bfc062723c751e8b465ee728b)
Start importing Assets/SampleScenes/Menu/Sprites/MenuCornerTopRightSprite.png using Guid(2b592d40fd47980478920e3ed65b0985) Importer(815301076,1909f56bfc062723c751e8b465ee728b)  -> (artifact id: 'd8315c4e597b479367ef035111c4a30b') in 0.033209 seconds 
  Import took 0.036849 seconds .

========================================================================
Received Import Request.
  Time since last request: 0.000332 seconds.
  path: Assets/Standard Assets/2D/Sprites/PlatformWhiteSprite.png
  artifactKey: Guid(d90a8faf6fb9540b084ef2825cc3a5dc) Importer(815301076,1909f56bfc062723c751e8b465ee728b)
Start importing Assets/Standard Assets/2D/Sprites/PlatformWhiteSprite.png using Guid(d90a8faf6fb9540b084ef2825cc3a5dc) Importer(815301076,1909f56bfc062723c751e8b465ee728b)  -> (artifact id: '4270da058b10c3f37a1d83fe04387108') in 0.050647 seconds 
  Import took 0.063193 seconds .

========================================================================
Received Import Request.
  Time since last request: 0.000256 seconds.
  path: Assets/CAR - Assets/piedino.png
  artifactKey: Guid(5e9d9acfc008eca4c9007247be6b6ead) Importer(815301076,1909f56bfc062723c751e8b465ee728b)
Start importing Assets/CAR - Assets/piedino.png using Guid(5e9d9acfc008eca4c9007247be6b6ead) Importer(815301076,1909f56bfc062723c751e8b465ee728b)  -> (artifact id: 'cf9b8922946227bc7ba18e058ab961c8') in 0.137250 seconds 
  Import took 0.140873 seconds .

========================================================================
Received Import Request.
  Time since last request: 0.000311 seconds.
  path: Assets/SampleScenes/Textures/GUIReticle.png
  artifactKey: Guid(c03c72978d15ecb4d91060d3a10d14f0) Importer(815301076,1909f56bfc062723c751e8b465ee728b)
Start importing Assets/SampleScenes/Textures/GUIReticle.png using Guid(c03c72978d15ecb4d91060d3a10d14f0) Importer(815301076,1909f56bfc062723c751e8b465ee728b)  -> (artifact id: '6e0983a769ac728b0ce03a7a1f786fb6') in 0.049162 seconds 
  Import took 0.054403 seconds .

========================================================================
Received Import Request.
  Time since last request: 0.000291 seconds.
  path: Assets/Standard Assets/2D/Sprites/RobotBoyDeathSprite.png
  artifactKey: Guid(f45a39483cf4f914a816af821c9262bb) Importer(815301076,1909f56bfc062723c751e8b465ee728b)
Start importing Assets/Standard Assets/2D/Sprites/RobotBoyDeathSprite.png using Guid(f45a39483cf4f914a816af821c9262bb) Importer(815301076,1909f56bfc062723c751e8b465ee728b)  -> (artifact id: 'c07b5bb3991306a525896e01d1f8c39a') in 0.345166 seconds 
  Import took 0.349318 seconds .

========================================================================
Received Import Request.
  Time since last request: 0.000313 seconds.
  path: Assets/Standard Assets/CrossPlatformInput/Sprites/SliderHandleSprite.png
  artifactKey: Guid(0626b924325d1c34cafa6b22297f4e4f) Importer(815301076,1909f56bfc062723c751e8b465ee728b)
Start importing Assets/Standard Assets/CrossPlatformInput/Sprites/SliderHandleSprite.png using Guid(0626b924325d1c34cafa6b22297f4e4f) Importer(815301076,1909f56bfc062723c751e8b465ee728b)  -> (artifact id: 'eb95cb0a372a298ed7e67a455c9a160b') in 0.069844 seconds 
  Import took 0.074113 seconds .

========================================================================
Received Import Request.
  Time since last request: 0.000223 seconds.
  path: Assets/CAR - Assets/temp_low.png
  artifactKey: Guid(4bcc29cc72d962c43b3d8a3ec5711143) Importer(815301076,1909f56bfc062723c751e8b465ee728b)
Start importing Assets/CAR - Assets/temp_low.png using Guid(4bcc29cc72d962c43b3d8a3ec5711143) Importer(815301076,1909f56bfc062723c751e8b465ee728b)  -> (artifact id: '94b51795a1781515258ed5faf93c16cc') in 0.064675 seconds 
  Import took 0.071493 seconds .

========================================================================
Received Import Request.
  Time since last request: 0.000790 seconds.
  path: Assets/Standard Assets/2D/Sprites/RobotBoyJumpSprite.png
  artifactKey: Guid(9e1a2edf6149977479db158e4fbf9671) Importer(815301076,1909f56bfc062723c751e8b465ee728b)
Start importing Assets/Standard Assets/2D/Sprites/RobotBoyJumpSprite.png using Guid(9e1a2edf6149977479db158e4fbf9671) Importer(815301076,1909f56bfc062723c751e8b465ee728b)  -> (artifact id: '5fe0653be8c56d33e7419ee82049aa2e') in 0.215827 seconds 
  Import took 0.220017 seconds .

========================================================================
Received Import Request.
  Time since last request: 0.000255 seconds.
  path: Assets/CAR - Assets/temp_high.png
  artifactKey: Guid(f036050aabf608d48be80f8a69653c10) Importer(815301076,1909f56bfc062723c751e8b465ee728b)
Start importing Assets/CAR - Assets/temp_high.png using Guid(f036050aabf608d48be80f8a69653c10) Importer(815301076,1909f56bfc062723c751e8b465ee728b)  -> (artifact id: '57ad4b784b72e27f127a5359d7b45790') in 0.036350 seconds 
  Import took 0.040077 seconds .

========================================================================
Received Import Request.
  Time since last request: 0.000257 seconds.
  path: Assets/CAR - Assets/temp_medium.png
  artifactKey: Guid(031daff5bec8a1a4fb259f9c5b5e4c46) Importer(815301076,1909f56bfc062723c751e8b465ee728b)
Start importing Assets/CAR - Assets/temp_medium.png using Guid(031daff5bec8a1a4fb259f9c5b5e4c46) Importer(815301076,1909f56bfc062723c751e8b465ee728b)  -> (artifact id: 'f8559cd7acca15ec0a1411ce7fe9ab10') in 0.031832 seconds 
  Import took 0.035378 seconds .

========================================================================
Received Import Request.
  Time since last request: 0.000306 seconds.
  path: Assets/Standard Assets/2D/Sprites/RobotBoyRollSprite.png
  artifactKey: Guid(fc67a9002ed4034419f91d0d85bd6b24) Importer(815301076,1909f56bfc062723c751e8b465ee728b)
Start importing Assets/Standard Assets/2D/Sprites/RobotBoyRollSprite.png using Guid(fc67a9002ed4034419f91d0d85bd6b24) Importer(815301076,1909f56bfc062723c751e8b465ee728b)  -> (artifact id: 'cafdc9b8af06547ecb4b599b10e48881') in 0.237673 seconds 
  Import took 0.241050 seconds .

========================================================================
Received Import Request.
  Time since last request: 0.000276 seconds.
  path: Assets/CAR - Assets/plane.png
  artifactKey: Guid(afbc2b53d8cdd28499a4821b14ca52b2) Importer(815301076,1909f56bfc062723c751e8b465ee728b)
Start importing Assets/CAR - Assets/plane.png using Guid(afbc2b53d8cdd28499a4821b14ca52b2) Importer(815301076,1909f56bfc062723c751e8b465ee728b)  -> (artifact id: 'f22f399d73aac29d397df059fd938271') in 0.075693 seconds 
  Import took 0.079248 seconds .

========================================================================
Received Import Request.
  Time since last request: 0.000270 seconds.
  path: Assets/Standard Assets/2D/Sprites/RobotBoyWalkSprite.png
  artifactKey: Guid(feda0c18015b3284cabbc0da85254f9a) Importer(815301076,1909f56bfc062723c751e8b465ee728b)
Start importing Assets/Standard Assets/2D/Sprites/RobotBoyWalkSprite.png using Guid(feda0c18015b3284cabbc0da85254f9a) Importer(815301076,1909f56bfc062723c751e8b465ee728b)  -> (artifact id: 'e2451c5499da6db9df1a419a796d9c99') in 0.156151 seconds 
  Import took 0.160069 seconds .

========================================================================
Received Import Request.
  Time since last request: 0.000288 seconds.
  path: Assets/Standard Assets/2D/Sprites/RobotBoyIdleSprite.png
  artifactKey: Guid(8fb98a6035269e64a998f9b56828fc4f) Importer(815301076,1909f56bfc062723c751e8b465ee728b)
Start importing Assets/Standard Assets/2D/Sprites/RobotBoyIdleSprite.png using Guid(8fb98a6035269e64a998f9b56828fc4f) Importer(815301076,1909f56bfc062723c751e8b465ee728b)  -> (artifact id: 'fa688e58c971b5c2946625862dfa0774') in 0.224680 seconds 
  Import took 0.228353 seconds .

========================================================================
Received Import Request.
  Time since last request: 0.000250 seconds.
  path: Assets/CAR - Assets/temp_off.png
  artifactKey: Guid(ccd49bca411f1e24dac1343cb41d39ab) Importer(815301076,1909f56bfc062723c751e8b465ee728b)
Start importing Assets/CAR - Assets/temp_off.png using Guid(ccd49bca411f1e24dac1343cb41d39ab) Importer(815301076,1909f56bfc062723c751e8b465ee728b)  -> (artifact id: '271f2c8e8d3551f304371365def3f777') in 0.036410 seconds 
  Import took 0.044490 seconds .

========================================================================
Received Import Request.
  Time since last request: 0.004489 seconds.
  path: Assets/Standard Assets/CrossPlatformInput/Sprites/SliderBackgroundSprite.png
  artifactKey: Guid(ea5873cfd9158664f89459f0c9e1d853) Importer(815301076,1909f56bfc062723c751e8b465ee728b)
Start importing Assets/Standard Assets/CrossPlatformInput/Sprites/SliderBackgroundSprite.png using Guid(ea5873cfd9158664f89459f0c9e1d853) Importer(815301076,1909f56bfc062723c751e8b465ee728b)  -> (artifact id: '5cbf86a36eec8b912bc1155124ae23ea') in 0.043536 seconds 
  Import took 0.052868 seconds .

========================================================================
Received Import Request.
  Time since last request: 0.000266 seconds.
  path: Assets/Standard Assets/2D/Sprites/CratePinkGridSprite.png
  artifactKey: Guid(12ef7cbdfe0e143fa858a324456c8979) Importer(815301076,1909f56bfc062723c751e8b465ee728b)
Start importing Assets/Standard Assets/2D/Sprites/CratePinkGridSprite.png using Guid(12ef7cbdfe0e143fa858a324456c8979) Importer(815301076,1909f56bfc062723c751e8b465ee728b)  -> (artifact id: '560eb8337ff8456c7330eb1cc9f65e6f') in 0.069629 seconds 
  Import took 0.073162 seconds .

========================================================================
Received Import Request.
  Time since last request: 0.000249 seconds.
  path: Assets/CAR - Assets/jam.png
  artifactKey: Guid(5052d20fe37b2df4485219e74aaddf46) Importer(815301076,1909f56bfc062723c751e8b465ee728b)
Start importing Assets/CAR - Assets/jam.png using Guid(5052d20fe37b2df4485219e74aaddf46) Importer(815301076,1909f56bfc062723c751e8b465ee728b)  -> (artifact id: '014e294ec9e48fa3922f1a7cc2852875') in 0.092575 seconds 
  Import took 0.096629 seconds .

========================================================================
Received Import Request.
  Time since last request: 0.001818 seconds.
  path: Assets/Fabrizio/Sprite/piedino_00000.png
  artifactKey: Guid(aef34469cc85548eca064d9bf4bfc5f2) Importer(815301076,1909f56bfc062723c751e8b465ee728b)
Start importing Assets/Fabrizio/Sprite/piedino_00000.png using Guid(aef34469cc85548eca064d9bf4bfc5f2) Importer(815301076,1909f56bfc062723c751e8b465ee728b)  -> (artifact id: '43c649d79619c91b0d60b00f7c0cc14a') in 0.031161 seconds 
  Import took 0.036272 seconds .

========================================================================
Received Import Request.
  Time since last request: 0.000348 seconds.
  path: Assets/Standard Assets/2D/Sprites/RobotBoyCrouchSprite.png
  artifactKey: Guid(d40c191aa46654db7a426d6a1fa3aa30) Importer(815301076,1909f56bfc062723c751e8b465ee728b)
Start importing Assets/Standard Assets/2D/Sprites/RobotBoyCrouchSprite.png using Guid(d40c191aa46654db7a426d6a1fa3aa30) Importer(815301076,1909f56bfc062723c751e8b465ee728b)  -> (artifact id: 'a4f4832952daf6c03eaaeb46c5f6e852') in 0.270733 seconds 
  Import took 0.275586 seconds .

========================================================================
Received Import Request.
  Time since last request: 0.000286 seconds.
  path: Assets/SampleScenes/Menu/Sprites/LogoUnitySprite.png
  artifactKey: Guid(7d6d5225d5a2b40e3959b66d13b6e29c) Importer(815301076,1909f56bfc062723c751e8b465ee728b)
Start importing Assets/SampleScenes/Menu/Sprites/LogoUnitySprite.png using Guid(7d6d5225d5a2b40e3959b66d13b6e29c) Importer(815301076,1909f56bfc062723c751e8b465ee728b)  -> (artifact id: 'fd9477bbdada4fa5dec00b3d08e7430b') in 0.047741 seconds 
  Import took 0.051410 seconds .

========================================================================
Received Import Request.
  Time since last request: 0.000262 seconds.
  path: Assets/CAR - Assets/egg.png
  artifactKey: Guid(2daa6dbe1b171024abb553af10752968) Importer(815301076,1909f56bfc062723c751e8b465ee728b)
Start importing Assets/CAR - Assets/egg.png using Guid(2daa6dbe1b171024abb553af10752968) Importer(815301076,1909f56bfc062723c751e8b465ee728b)  -> (artifact id: '551ee9a186c1f2779fa05beb4524ed3d') in 0.062430 seconds 
  Import took 0.065701 seconds .

========================================================================
Received Import Request.
  Time since last request: 0.000283 seconds.
  path: Assets/Standard Assets/CrossPlatformInput/Sprites/TouchpadSprite.png
  artifactKey: Guid(e4f1fee3de32377429fd1348fae62b10) Importer(815301076,1909f56bfc062723c751e8b465ee728b)
Start importing Assets/Standard Assets/CrossPlatformInput/Sprites/TouchpadSprite.png using Guid(e4f1fee3de32377429fd1348fae62b10) Importer(815301076,1909f56bfc062723c751e8b465ee728b)  -> (artifact id: '7f410ecf250d1ef8ef4e664c24e20f7a') in 0.100836 seconds 
  Import took 0.109165 seconds .

========================================================================
Received Import Request.
  Time since last request: 0.001816 seconds.
  path: Assets/Standard Assets/2D/Sprites/RobotBoyRunSprite.png
  artifactKey: Guid(803baf1ea73913f46b25e07d0a79df22) Importer(815301076,1909f56bfc062723c751e8b465ee728b)
Start importing Assets/Standard Assets/2D/Sprites/RobotBoyRunSprite.png using Guid(803baf1ea73913f46b25e07d0a79df22) Importer(815301076,1909f56bfc062723c751e8b465ee728b)  -> (artifact id: '0067222619c8f6e8249a7d46685d3c20') in 0.235641 seconds 
  Import took 0.240505 seconds .

========================================================================
Received Import Request.
  Time since last request: 0.166050 seconds.
  path: Assets/CAR - Assets/vegetables.png
  artifactKey: Guid(9c30d867a98682c4495a7899a6d3a5c6) Importer(815301076,1909f56bfc062723c751e8b465ee728b)
Start importing Assets/CAR - Assets/vegetables.png using Guid(9c30d867a98682c4495a7899a6d3a5c6) Importer(815301076,1909f56bfc062723c751e8b465ee728b)  -> (artifact id: '7e9ffb071e0c10f6cdb6f4311d797ae3') in 0.044220 seconds 
  Import took 0.053213 seconds .

========================================================================
Received Import Request.
  Time since last request: 0.000309 seconds.
  path: Assets/CAR - Assets/wheel_element.png
  artifactKey: Guid(dc43704957a97b4448464819a9e2fbf3) Importer(815301076,1909f56bfc062723c751e8b465ee728b)
Start importing Assets/CAR - Assets/wheel_element.png using Guid(dc43704957a97b4448464819a9e2fbf3) Importer(815301076,1909f56bfc062723c751e8b465ee728b)  -> (artifact id: '2ec47d40cfdf92f54a0d6f94cc756934') in 0.111581 seconds 
  Import took 0.118210 seconds .

========================================================================
Received Import Request.
  Time since last request: 0.000301 seconds.
  path: Assets/CAR - Assets/train.png
  artifactKey: Guid(97b3c34a331022e45ae4876f69d762c1) Importer(815301076,1909f56bfc062723c751e8b465ee728b)
Start importing Assets/CAR - Assets/train.png using Guid(97b3c34a331022e45ae4876f69d762c1) Importer(815301076,1909f56bfc062723c751e8b465ee728b)  -> (artifact id: '93625c8608da9a286250c5a84dd157e6') in 0.048465 seconds 
  Import took 0.052371 seconds .

========================================================================
Received Import Request.
  Time since last request: 99.671181 seconds.
  path: Assets/Fabrizio/Sprite/AnimationFrames
  artifactKey: Guid(ad751317156704f08b5fed46c6a9c6fb) Importer(815301076,1909f56bfc062723c751e8b465ee728b)
Start importing Assets/Fabrizio/Sprite/AnimationFrames using Guid(ad751317156704f08b5fed46c6a9c6fb) Importer(815301076,1909f56bfc062723c751e8b465ee728b)  -> (artifact id: '698938ce1fc3cc1f273102ebec5f4e7a') in 0.005159 seconds 
  Import took 0.012763 seconds .

========================================================================
Received Import Request.
  Time since last request: 30.132479 seconds.
  path: Assets/Fabrizio/Sprite/AnimationFrames/piedino_00000.png
  artifactKey: Guid(89a1d13f8f08f4ead9025301739b4ed7) Importer(815301076,1909f56bfc062723c751e8b465ee728b)
Start importing Assets/Fabrizio/Sprite/AnimationFrames/piedino_00000.png using Guid(89a1d13f8f08f4ead9025301739b4ed7) Importer(815301076,1909f56bfc062723c751e8b465ee728b)  -> (artifact id: 'f8ccd66884146bb843ae286a619bdb91') in 0.072717 seconds 
  Import took 0.082877 seconds .

========================================================================
Received Import Request.
  Time since last request: 2.303772 seconds.
  path: Assets/Fabrizio/Sprite/AnimationFrames/piedino_00014.png
  artifactKey: Guid(b3ffa700706df4d6d894057a529736eb) Importer(815301076,1909f56bfc062723c751e8b465ee728b)
Start importing Assets/Fabrizio/Sprite/AnimationFrames/piedino_00014.png using Guid(b3ffa700706df4d6d894057a529736eb) Importer(815301076,1909f56bfc062723c751e8b465ee728b)  -> (artifact id: '9f47f91772459a532df03fe77dcdb39a') in 0.012602 seconds 
  Import took 0.017638 seconds .

========================================================================
Received Import Request.
  Time since last request: 18.362297 seconds.
  path: Assets/Fabrizio/Sprite/AnimationFrames/piedino_00001.png
  artifactKey: Guid(fe08b3a4ae1dd48f79cd587664cde8de) Importer(815301076,1909f56bfc062723c751e8b465ee728b)
Start importing Assets/Fabrizio/Sprite/AnimationFrames/piedino_00001.png using Guid(fe08b3a4ae1dd48f79cd587664cde8de) Importer(815301076,1909f56bfc062723c751e8b465ee728b)  -> (artifact id: 'a7f6b9b621283177384b14ec27662ccd') in 0.035423 seconds 
  Import took 0.048642 seconds .

========================================================================
Received Import Request.
  Time since last request: 2.344264 seconds.
  path: Assets/Fabrizio/Sprite/AnimationFrames/piedino_00014.png
  artifactKey: Guid(b3ffa700706df4d6d894057a529736eb) Importer(815301076,1909f56bfc062723c751e8b465ee728b)
Start importing Assets/Fabrizio/Sprite/AnimationFrames/piedino_00014.png using Guid(b3ffa700706df4d6d894057a529736eb) Importer(815301076,1909f56bfc062723c751e8b465ee728b)  -> (artifact id: '4ea3d0bcfb70c1c3422687655e658504') in 0.015097 seconds 
  Import took 0.019169 seconds .

========================================================================
Received Import Request.
  Time since last request: 155.968484 seconds.
  path: Assets/Fabrizio/Animation/Piedino_Talk.anim
  artifactKey: Guid(f3596926feba94134bace36587d541f1) Importer(815301076,1909f56bfc062723c751e8b465ee728b)
Start importing Assets/Fabrizio/Animation/Piedino_Talk.anim using Guid(f3596926feba94134bace36587d541f1) Importer(815301076,1909f56bfc062723c751e8b465ee728b)  -> (artifact id: 'a59b32e5b4db69c1685eb4ab11637a58') in 0.014903 seconds 
  Import took 0.022267 seconds .

