Using pre-set license
Built from '2020.3/release' branch; Version is '2020.3.2f1 (8fd9074bf66c) revision 9427207'; Using compiler version '192528614'; Build Type 'Release'
OS: 'Windows 10 Home; OS build 19043.1415; Version 2009; 64bit' Language: 'en' Physical Memory: 16249 MB
BatchMode: 1, IsHumanControllingUs: 0, StartBugReporterOnCrash: 0, Is64bit: 1, IsPro: 0

 COMMAND LINE ARGUMENTS:
C:\Program Files\Unity\Hub\Editor\2020.3.2f1\Editor\Unity.exe
-adb2
-batchMode
-noUpm
-name
AssetImportWorker0
-projectPath
D:/GitHub/vr_project
-logFile
Logs/AssetImportWorker0.log
-srvPort
60558
Successfully changed project path to: D:/GitHub/vr_project
D:/GitHub/vr_project
Using Asset Import Pipeline V2.
Refreshing native plugins compatible for Editor in 51.64 ms, found 0 plugins.
Preloading 0 native plugins for Editor in 0.00 ms.
Initialize engine version: 2020.3.2f1 (8fd9074bf66c)
[Subsystems] Discovering subsystems at path C:/Program Files/Unity/Hub/Editor/2020.3.2f1/Editor/Data/Resources/UnitySubsystems
[Subsystems] Discovering subsystems at path D:/GitHub/vr_project/Assets
GfxDevice: creating device client; threaded=0
Direct3D:
    Version:  Direct3D 11.0 [level 11.1]
    Renderer: NVIDIA GeForce GTX 1060 with Max-Q Design (ID=0x1c20)
    Vendor:   
    VRAM:     6052 MB
    Driver:   30.0.14.7141
Initialize mono
Mono path[0] = 'C:/Program Files/Unity/Hub/Editor/2020.3.2f1/Editor/Data/Managed'
Mono path[1] = 'C:/Program Files/Unity/Hub/Editor/2020.3.2f1/Editor/Data/MonoBleedingEdge/lib/mono/unityjit'
Mono config path = 'C:/Program Files/Unity/Hub/Editor/2020.3.2f1/Editor/Data/MonoBleedingEdge/etc'
Using monoOptions --debugger-agent=transport=dt_socket,embedding=1,server=y,suspend=n,address=127.0.0.1:56528
Begin MonoManager ReloadAssembly
Registering precompiled unity dll's ...
Register platform support module: C:/Program Files/Unity/Hub/Editor/2020.3.2f1/Editor/Data/PlaybackEngines/WebGLSupport/UnityEditor.WebGL.Extensions.dll
Register platform support module: C:/Program Files/Unity/Hub/Editor/2020.3.2f1/Editor/Data/PlaybackEngines/WindowsStandaloneSupport/UnityEditor.WindowsStandalone.Extensions.dll
Registered in 0.003735 seconds.
Native extension for WindowsStandalone target not found
Native extension for WebGL target not found
Refreshing native plugins compatible for Editor in 50.71 ms, found 0 plugins.
Preloading 0 native plugins for Editor in 0.00 ms.
Invoked RoslynAnalysisRunner static constructor.
RoslynAnalysisRunner will not be running.
RoslynAnalysisRunner has terminated.
Mono: successfully reloaded assembly
- Completed reload, in  2.031 seconds
Platform modules already initialized, skipping
Registering precompiled user dll's ...
Registered in 0.001281 seconds.
Begin MonoManager ReloadAssembly
Native extension for WindowsStandalone target not found
Native extension for WebGL target not found
Refreshing native plugins compatible for Editor in 0.32 ms, found 0 plugins.
Preloading 0 native plugins for Editor in 0.00 ms.
Invoked RoslynAnalysisRunner static constructor.
RoslynAnalysisRunner will not be running.
RoslynAnalysisRunner has terminated.
Mono: successfully reloaded assembly
- Completed reload, in  1.304 seconds
Platform modules already initialized, skipping
========================================================================
Worker process is ready to serve import requests
Launched and connected shader compiler UnityShaderCompiler.exe after 0.08 seconds
Refreshing native plugins compatible for Editor in 0.57 ms, found 0 plugins.
Preloading 0 native plugins for Editor in 0.00 ms.
Unloading 1247 Unused Serialized files (Serialized files now loaded: 0)
System memory in use before: 112.6 MB.
System memory in use after: 112.3 MB.

Unloading 12 unused Assets to reduce memory usage. Loaded Objects now: 1717.
Total: 3.016800 ms (FindLiveObjects: 0.187800 ms CreateObjectMapping: 0.075800 ms MarkObjects: 2.299900 ms  DeleteObjects: 0.451200 ms)

========================================================================
Received Import Request.
  path: Assets/NewLayer.terrainlayer
  artifactKey: Guid(b1c44407cdf1a2840b1ef5f9cc8b65dc) Importer(815301076,1909f56bfc062723c751e8b465ee728b)
Start importing Assets/NewLayer.terrainlayer using Guid(b1c44407cdf1a2840b1ef5f9cc8b65dc) Importer(815301076,1909f56bfc062723c751e8b465ee728b)  -> (artifact id: '9e0044bf44f8afa535142266b17738d9') in 0.137456 seconds
  Import took 0.140776 seconds .

========================================================================
Received Prepare
Registering precompiled user dll's ...
Registered in 0.001681 seconds.
Begin MonoManager ReloadAssembly
Native extension for WindowsStandalone target not found
Native extension for WebGL target not found
Refreshing native plugins compatible for Editor in 0.32 ms, found 0 plugins.
Preloading 0 native plugins for Editor in 0.00 ms.
Invoked RoslynAnalysisRunner static constructor.
RoslynAnalysisRunner will not be running.
RoslynAnalysisRunner has terminated.
Mono: successfully reloaded assembly
- Completed reload, in  1.291 seconds
Platform modules already initialized, skipping
Refreshing native plugins compatible for Editor in 0.38 ms, found 0 plugins.
Preloading 0 native plugins for Editor in 0.00 ms.
Unloading 1223 Unused Serialized files (Serialized files now loaded: 0)
System memory in use before: 113.7 MB.
System memory in use after: 113.4 MB.

Unloading 7 unused Assets to reduce memory usage. Loaded Objects now: 1725.
Total: 3.925300 ms (FindLiveObjects: 0.339400 ms CreateObjectMapping: 0.128300 ms MarkObjects: 2.880800 ms  DeleteObjects: 0.573900 ms)

========================================================================
Received Import Request.
  Time since last request: 586.951233 seconds.
  path: Assets/Fondamenta.mat
  artifactKey: Guid(37127508ee293d24f9e9f71e47eb40f2) Importer(815301076,1909f56bfc062723c751e8b465ee728b)
Start importing Assets/Fondamenta.mat using Guid(37127508ee293d24f9e9f71e47eb40f2) Importer(815301076,1909f56bfc062723c751e8b465ee728b)  -> (artifact id: 'a9e25c3082a3136bdfe851cb59f93d7a') in 0.127895 seconds
  Import took 0.148631 seconds .

========================================================================
Received Prepare
Registering precompiled user dll's ...
Registered in 0.001021 seconds.
Begin MonoManager ReloadAssembly
Native extension for WindowsStandalone target not found
Native extension for WebGL target not found
Refreshing native plugins compatible for Editor in 0.33 ms, found 0 plugins.
Preloading 0 native plugins for Editor in 0.00 ms.
Invoked RoslynAnalysisRunner static constructor.
RoslynAnalysisRunner will not be running.
RoslynAnalysisRunner has terminated.
Mono: successfully reloaded assembly
- Completed reload, in  1.225 seconds
Platform modules already initialized, skipping
Refreshing native plugins compatible for Editor in 0.74 ms, found 0 plugins.
Preloading 0 native plugins for Editor in 0.00 ms.
Unloading 1223 Unused Serialized files (Serialized files now loaded: 0)
System memory in use before: 114.0 MB.
System memory in use after: 113.7 MB.

Unloading 7 unused Assets to reduce memory usage. Loaded Objects now: 1766.
Total: 2.706500 ms (FindLiveObjects: 0.311000 ms CreateObjectMapping: 0.112900 ms MarkObjects: 1.808100 ms  DeleteObjects: 0.472600 ms)

========================================================================
Received Prepare
Registering precompiled user dll's ...
Registered in 0.001138 seconds.
Begin MonoManager ReloadAssembly
Native extension for WindowsStandalone target not found
Native extension for WebGL target not found
Refreshing native plugins compatible for Editor in 0.33 ms, found 0 plugins.
Preloading 0 native plugins for Editor in 0.00 ms.
Invoked RoslynAnalysisRunner static constructor.
RoslynAnalysisRunner will not be running.
RoslynAnalysisRunner has terminated.
Mono: successfully reloaded assembly
- Completed reload, in  1.180 seconds
Platform modules already initialized, skipping
Refreshing native plugins compatible for Editor in 0.34 ms, found 0 plugins.
Preloading 0 native plugins for Editor in 0.00 ms.
Unloading 1223 Unused Serialized files (Serialized files now loaded: 0)
System memory in use before: 114.0 MB.
System memory in use after: 113.8 MB.

Unloading 7 unused Assets to reduce memory usage. Loaded Objects now: 1769.
Total: 4.051300 ms (FindLiveObjects: 0.603400 ms CreateObjectMapping: 0.512200 ms MarkObjects: 2.417700 ms  DeleteObjects: 0.514700 ms)

========================================================================
Received Prepare
Registering precompiled user dll's ...
Registered in 0.001033 seconds.
Begin MonoManager ReloadAssembly
Native extension for WindowsStandalone target not found
Native extension for WebGL target not found
Refreshing native plugins compatible for Editor in 0.54 ms, found 0 plugins.
Preloading 0 native plugins for Editor in 0.00 ms.
Invoked RoslynAnalysisRunner static constructor.
RoslynAnalysisRunner will not be running.
RoslynAnalysisRunner has terminated.
Mono: successfully reloaded assembly
- Completed reload, in  1.183 seconds
Platform modules already initialized, skipping
Refreshing native plugins compatible for Editor in 0.57 ms, found 0 plugins.
Preloading 0 native plugins for Editor in 0.00 ms.
Unloading 1223 Unused Serialized files (Serialized files now loaded: 0)
System memory in use before: 114.1 MB.
System memory in use after: 113.8 MB.

Unloading 7 unused Assets to reduce memory usage. Loaded Objects now: 1772.
Total: 3.844800 ms (FindLiveObjects: 0.310300 ms CreateObjectMapping: 0.092500 ms MarkObjects: 2.726900 ms  DeleteObjects: 0.713000 ms)

========================================================================
Received Import Request.
  Time since last request: 1378.971401 seconds.
  path: Assets/Fondamenta.mat
  artifactKey: Guid(37127508ee293d24f9e9f71e47eb40f2) Importer(815301076,1909f56bfc062723c751e8b465ee728b)
Start importing Assets/Fondamenta.mat using Guid(37127508ee293d24f9e9f71e47eb40f2) Importer(815301076,1909f56bfc062723c751e8b465ee728b)  -> (artifact id: '9d9208e5cee207bbd046cbcacaf308c6') in 0.094720 seconds
  Import took 0.098816 seconds .

========================================================================
Received Import Request.
  Time since last request: 0.000405 seconds.
  path: Assets/NewLayer.terrainlayer
  artifactKey: Guid(b1c44407cdf1a2840b1ef5f9cc8b65dc) Importer(815301076,1909f56bfc062723c751e8b465ee728b)
Start importing Assets/NewLayer.terrainlayer using Guid(b1c44407cdf1a2840b1ef5f9cc8b65dc) Importer(815301076,1909f56bfc062723c751e8b465ee728b)  -> (artifact id: '209f6c5c2c8c594c1d1e5d9076d2aa3b') in 0.014522 seconds
  Import took 0.357818 seconds .

========================================================================
Received Prepare
Registering precompiled user dll's ...
Registered in 0.001536 seconds.
Begin MonoManager ReloadAssembly
Native extension for WindowsStandalone target not found
Native extension for WebGL target not found
Refreshing native plugins compatible for Editor in 0.32 ms, found 0 plugins.
Preloading 0 native plugins for Editor in 0.00 ms.
Invoked RoslynAnalysisRunner static constructor.
RoslynAnalysisRunner will not be running.
RoslynAnalysisRunner has terminated.
Mono: successfully reloaded assembly
- Completed reload, in  1.203 seconds
Platform modules already initialized, skipping
Refreshing native plugins compatible for Editor in 0.33 ms, found 0 plugins.
Preloading 0 native plugins for Editor in 0.00 ms.
Unloading 1223 Unused Serialized files (Serialized files now loaded: 0)
System memory in use before: 114.1 MB.
System memory in use after: 113.8 MB.

Unloading 7 unused Assets to reduce memory usage. Loaded Objects now: 1776.
Total: 3.118000 ms (FindLiveObjects: 0.291200 ms CreateObjectMapping: 0.085600 ms MarkObjects: 2.239400 ms  DeleteObjects: 0.499600 ms)

========================================================================
Received Import Request.
  Time since last request: 44.517328 seconds.
  path: Assets/New Material.mat
  artifactKey: Guid(c6f167a3d41dea9498fe3ce5ce9ee7f5) Importer(815301076,1909f56bfc062723c751e8b465ee728b)
Start importing Assets/New Material.mat using Guid(c6f167a3d41dea9498fe3ce5ce9ee7f5) Importer(815301076,1909f56bfc062723c751e8b465ee728b)  -> (artifact id: 'e52c2aab905cbb08fe19da131a2823c8') in 0.102653 seconds
  Import took 0.128831 seconds .

========================================================================
Received Prepare
Registering precompiled user dll's ...
Registered in 0.001027 seconds.
Begin MonoManager ReloadAssembly
Native extension for WindowsStandalone target not found
Native extension for WebGL target not found
Refreshing native plugins compatible for Editor in 0.32 ms, found 0 plugins.
Preloading 0 native plugins for Editor in 0.00 ms.
Invoked RoslynAnalysisRunner static constructor.
RoslynAnalysisRunner will not be running.
RoslynAnalysisRunner has terminated.
Mono: successfully reloaded assembly
- Completed reload, in  1.093 seconds
Platform modules already initialized, skipping
Refreshing native plugins compatible for Editor in 0.70 ms, found 0 plugins.
Preloading 0 native plugins for Editor in 0.00 ms.
Unloading 1223 Unused Serialized files (Serialized files now loaded: 0)
System memory in use before: 114.1 MB.
System memory in use after: 113.8 MB.

Unloading 7 unused Assets to reduce memory usage. Loaded Objects now: 1780.
Total: 4.148100 ms (FindLiveObjects: 0.419000 ms CreateObjectMapping: 0.123100 ms MarkObjects: 2.952400 ms  DeleteObjects: 0.650400 ms)

========================================================================
Received Import Request.
  Time since last request: 505.793840 seconds.
  path: Assets/Standard Assets/CAR - Materials
  artifactKey: Guid(81827be5aadc8a04ba4a72ed1b1af768) Importer(815301076,1909f56bfc062723c751e8b465ee728b)
Start importing Assets/Standard Assets/CAR - Materials using Guid(81827be5aadc8a04ba4a72ed1b1af768) Importer(815301076,1909f56bfc062723c751e8b465ee728b)  -> (artifact id: 'b95ddee7225d452876591c9b0f619b8c') in 0.013392 seconds
  Import took 0.076783 seconds .

========================================================================
Received Import Request.
  Time since last request: 22.381165 seconds.
  path: Assets/CAR - Materials 1
  artifactKey: Guid(1e7323497295a3e4cb98edad243158ff) Importer(815301076,1909f56bfc062723c751e8b465ee728b)
Start importing Assets/CAR - Materials 1 using Guid(1e7323497295a3e4cb98edad243158ff) Importer(815301076,1909f56bfc062723c751e8b465ee728b)  -> (artifact id: 'b10ccad37ba9e42fd21b899978ec317b') in 0.011038 seconds
  Import took 0.062402 seconds .

========================================================================
Received Import Request.
  Time since last request: 18.556447 seconds.
  path: Assets/CAR - Materials/New Material.mat
  artifactKey: Guid(6ab3a85a292e4454d9e086dd5e7cab10) Importer(815301076,1909f56bfc062723c751e8b465ee728b)
Start importing Assets/CAR - Materials/New Material.mat using Guid(6ab3a85a292e4454d9e086dd5e7cab10) Importer(815301076,1909f56bfc062723c751e8b465ee728b)  -> (artifact id: '7e5d9eeb02743d467afada73522d503f') in 0.103964 seconds
  Import took 0.106810 seconds .

========================================================================
Received Import Request.
  Time since last request: 94.956377 seconds.
  path: Assets/CAR - Materials/Pavimento Garage.mat
  artifactKey: Guid(0b07d2767fd7d814da26c6ffdff278f1) Importer(815301076,1909f56bfc062723c751e8b465ee728b)
Start importing Assets/CAR - Materials/Pavimento Garage.mat using Guid(0b07d2767fd7d814da26c6ffdff278f1) Importer(815301076,1909f56bfc062723c751e8b465ee728b)  -> (artifact id: 'edf0773f2a6e736c3c9121a0f02df123') in 0.022758 seconds
  Import took 0.053653 seconds .

========================================================================
Received Import Request.
  Time since last request: 80.649346 seconds.
  path: Assets/CAR - Materials/Pavimento Cucina.mat
  artifactKey: Guid(c286d5195f5eacc43a3c6fac14972332) Importer(815301076,1909f56bfc062723c751e8b465ee728b)
Start importing Assets/CAR - Materials/Pavimento Cucina.mat using Guid(c286d5195f5eacc43a3c6fac14972332) Importer(815301076,1909f56bfc062723c751e8b465ee728b)  -> (artifact id: '488247d7c1281f9b1ec316620677ed21') in 0.023721 seconds
  Import took 0.042221 seconds .

========================================================================
Received Import Request.
  Time since last request: 114.300443 seconds.
  path: Assets/CAR - Materials/Pavimento Bagno.mat
  artifactKey: Guid(a01b76b8bb3c81c4e951081003eca3f7) Importer(815301076,1909f56bfc062723c751e8b465ee728b)
Start importing Assets/CAR - Materials/Pavimento Bagno.mat using Guid(a01b76b8bb3c81c4e951081003eca3f7) Importer(815301076,1909f56bfc062723c751e8b465ee728b)  -> (artifact id: 'ae5f8375445c85bd333b08abb992b838') in 0.026353 seconds
  Import took 0.384905 seconds .

========================================================================
Received Import Request.
  Time since last request: 58.025514 seconds.
  path: Assets/CAR - Materials/Pavimento Camera.mat
  artifactKey: Guid(63c3ef9a1f040264cab031e8c00737bb) Importer(815301076,1909f56bfc062723c751e8b465ee728b)
Start importing Assets/CAR - Materials/Pavimento Camera.mat using Guid(63c3ef9a1f040264cab031e8c00737bb) Importer(815301076,1909f56bfc062723c751e8b465ee728b)  -> (artifact id: '0f95f61f639776b86d1d297582f02097') in 0.031162 seconds
  Import took 0.079214 seconds .

========================================================================
Received Prepare
Registering precompiled user dll's ...
Registered in 0.001903 seconds.
Begin MonoManager ReloadAssembly
Native extension for WindowsStandalone target not found
Native extension for WebGL target not found
Refreshing native plugins compatible for Editor in 0.34 ms, found 0 plugins.
Preloading 0 native plugins for Editor in 0.00 ms.
Invoked RoslynAnalysisRunner static constructor.
RoslynAnalysisRunner will not be running.
RoslynAnalysisRunner has terminated.
Mono: successfully reloaded assembly
- Completed reload, in  1.139 seconds
Platform modules already initialized, skipping
Refreshing native plugins compatible for Editor in 0.38 ms, found 0 plugins.
Preloading 0 native plugins for Editor in 0.00 ms.
Unloading 1223 Unused Serialized files (Serialized files now loaded: 0)
System memory in use before: 114.1 MB.
System memory in use after: 113.8 MB.

Unloading 7 unused Assets to reduce memory usage. Loaded Objects now: 1784.
Total: 2.679500 ms (FindLiveObjects: 0.181500 ms CreateObjectMapping: 0.050100 ms MarkObjects: 1.951000 ms  DeleteObjects: 0.495300 ms)

========================================================================
Received Import Request.
  Time since last request: 242.708290 seconds.
  path: Assets/CAR - Materials/Marciapiede.prefab
  artifactKey: Guid(71ed4bd6a6b66464b83138a17c6e5de1) Importer(815301076,1909f56bfc062723c751e8b465ee728b)
Start importing Assets/CAR - Materials/Marciapiede.prefab using Guid(71ed4bd6a6b66464b83138a17c6e5de1) Importer(815301076,1909f56bfc062723c751e8b465ee728b)  -> (artifact id: 'f2ac935390b30027833d99a8b4117dd3') in 0.047436 seconds
  Import took 0.104556 seconds .

========================================================================
Received Import Request.
  Time since last request: 9.264904 seconds.
  path: Assets/CAR - Materials/MarciaPiede.mat
  artifactKey: Guid(94845842bb012184e95f786af5c0aeb6) Importer(815301076,1909f56bfc062723c751e8b465ee728b)
Start importing Assets/CAR - Materials/MarciaPiede.mat using Guid(94845842bb012184e95f786af5c0aeb6) Importer(815301076,1909f56bfc062723c751e8b465ee728b)  -> (artifact id: '76b55a8c25d753407faf03e478562075') in 0.074597 seconds
  Import took 0.171501 seconds .

========================================================================
Received Prepare
Registering precompiled user dll's ...
Registered in 0.001601 seconds.
Begin MonoManager ReloadAssembly
Native extension for WindowsStandalone target not found
Native extension for WebGL target not found
Refreshing native plugins compatible for Editor in 0.31 ms, found 0 plugins.
Preloading 0 native plugins for Editor in 0.00 ms.
Invoked RoslynAnalysisRunner static constructor.
RoslynAnalysisRunner will not be running.
RoslynAnalysisRunner has terminated.
Mono: successfully reloaded assembly
- Completed reload, in  1.144 seconds
Platform modules already initialized, skipping
Refreshing native plugins compatible for Editor in 0.33 ms, found 0 plugins.
Preloading 0 native plugins for Editor in 0.00 ms.
Unloading 1223 Unused Serialized files (Serialized files now loaded: 0)
System memory in use before: 114.1 MB.
System memory in use after: 113.8 MB.

Unloading 7 unused Assets to reduce memory usage. Loaded Objects now: 1788.
Total: 4.281300 ms (FindLiveObjects: 0.360100 ms CreateObjectMapping: 0.084800 ms MarkObjects: 3.128100 ms  DeleteObjects: 0.705500 ms)

========================================================================
Received Import Request.
  Time since last request: 139.888074 seconds.
  path: Assets/CAR - Materials/Muratura.mat
  artifactKey: Guid(c6f167a3d41dea9498fe3ce5ce9ee7f5) Importer(815301076,1909f56bfc062723c751e8b465ee728b)
Start importing Assets/CAR - Materials/Muratura.mat using Guid(c6f167a3d41dea9498fe3ce5ce9ee7f5) Importer(815301076,1909f56bfc062723c751e8b465ee728b)  -> (artifact id: '34e1fd95fda1c9b0e9c15d2eef0a9b14') in 0.089612 seconds
  Import took 0.132358 seconds .

========================================================================
Received Import Request.
  Time since last request: 0.000313 seconds.
  path: Assets/CAR - Materials/MarciaPiede.mat
  artifactKey: Guid(94845842bb012184e95f786af5c0aeb6) Importer(815301076,1909f56bfc062723c751e8b465ee728b)
Start importing Assets/CAR - Materials/MarciaPiede.mat using Guid(94845842bb012184e95f786af5c0aeb6) Importer(815301076,1909f56bfc062723c751e8b465ee728b)  -> (artifact id: '1b86c4da1877304f15cabcc547698705') in 0.022214 seconds
  Import took 0.044158 seconds .

========================================================================
Received Import Request.
  Time since last request: 0.000442 seconds.
  path: Assets/CAR - Materials/Pavimento Salotto.mat
  artifactKey: Guid(6ab3a85a292e4454d9e086dd5e7cab10) Importer(815301076,1909f56bfc062723c751e8b465ee728b)
Start importing Assets/CAR - Materials/Pavimento Salotto.mat using Guid(6ab3a85a292e4454d9e086dd5e7cab10) Importer(815301076,1909f56bfc062723c751e8b465ee728b)  -> (artifact id: '039fee2d64d365002ea846f4ad9e016b') in 0.028343 seconds
  Import took 0.032175 seconds .

========================================================================
Received Import Request.
  Time since last request: 0.000397 seconds.
  path: Assets/CAR - Materials/Pavimento Bagno.mat
  artifactKey: Guid(a01b76b8bb3c81c4e951081003eca3f7) Importer(815301076,1909f56bfc062723c751e8b465ee728b)
Start importing Assets/CAR - Materials/Pavimento Bagno.mat using Guid(a01b76b8bb3c81c4e951081003eca3f7) Importer(815301076,1909f56bfc062723c751e8b465ee728b)  -> (artifact id: '2364ed706e72d3ee963ad8b32592530c') in 0.029632 seconds
  Import took 0.079923 seconds .

========================================================================
Received Import Request.
  Time since last request: 0.000244 seconds.
  path: Assets/CAR - Materials/Pavimento Garage.mat
  artifactKey: Guid(0b07d2767fd7d814da26c6ffdff278f1) Importer(815301076,1909f56bfc062723c751e8b465ee728b)
Start importing Assets/CAR - Materials/Pavimento Garage.mat using Guid(0b07d2767fd7d814da26c6ffdff278f1) Importer(815301076,1909f56bfc062723c751e8b465ee728b)  -> (artifact id: '7901bced8328ab1a8f340393ba4c588b') in 0.028196 seconds
  Import took 0.033936 seconds .

========================================================================
Received Import Request.
  Time since last request: 0.000410 seconds.
  path: Assets/CAR - Materials/Fondamenta.mat
  artifactKey: Guid(37127508ee293d24f9e9f71e47eb40f2) Importer(815301076,1909f56bfc062723c751e8b465ee728b)
Start importing Assets/CAR - Materials/Fondamenta.mat using Guid(37127508ee293d24f9e9f71e47eb40f2) Importer(815301076,1909f56bfc062723c751e8b465ee728b)  -> (artifact id: '58ebdb77d8bce445b9ac429ec2bef73d') in 0.035946 seconds
  Import took 0.063433 seconds .

========================================================================
Received Import Request.
  Time since last request: 0.000288 seconds.
  path: Assets/CAR - Materials/Pavimento Camera.mat
  artifactKey: Guid(63c3ef9a1f040264cab031e8c00737bb) Importer(815301076,1909f56bfc062723c751e8b465ee728b)
Start importing Assets/CAR - Materials/Pavimento Camera.mat using Guid(63c3ef9a1f040264cab031e8c00737bb) Importer(815301076,1909f56bfc062723c751e8b465ee728b)  -> (artifact id: 'b74795b87e6a73880c36fecddb76a094') in 0.023672 seconds
  Import took 0.034067 seconds .

========================================================================
Received Import Request.
  Time since last request: 0.000436 seconds.
  path: Assets/CAR - Materials/Fondamenta.mat
  artifactKey: Guid(37127508ee293d24f9e9f71e47eb40f2) Importer(815301076,1909f56bfc062723c751e8b465ee728b)
Start importing Assets/CAR - Materials/Fondamenta.mat using Guid(37127508ee293d24f9e9f71e47eb40f2) Importer(815301076,1909f56bfc062723c751e8b465ee728b)  -> (artifact id: '58ebdb77d8bce445b9ac429ec2bef73d') in 0.022242 seconds
  Import took 0.027431 seconds .

========================================================================
Received Import Request.
  Time since last request: 0.000341 seconds.
  path: Assets/CAR - Materials/Pavimento Cucina.mat
  artifactKey: Guid(c286d5195f5eacc43a3c6fac14972332) Importer(815301076,1909f56bfc062723c751e8b465ee728b)
Start importing Assets/CAR - Materials/Pavimento Cucina.mat using Guid(c286d5195f5eacc43a3c6fac14972332) Importer(815301076,1909f56bfc062723c751e8b465ee728b)  -> (artifact id: 'b57857889a4d69d18d4bb2d39a5aedf0') in 0.021060 seconds
  Import took 0.040543 seconds .

========================================================================
Received Prepare
Registering precompiled user dll's ...
Registered in 0.000988 seconds.
Begin MonoManager ReloadAssembly
Native extension for WindowsStandalone target not found
Native extension for WebGL target not found
Refreshing native plugins compatible for Editor in 0.33 ms, found 0 plugins.
Preloading 0 native plugins for Editor in 0.00 ms.
Invoked RoslynAnalysisRunner static constructor.
RoslynAnalysisRunner will not be running.
RoslynAnalysisRunner has terminated.
Mono: successfully reloaded assembly
- Completed reload, in  1.255 seconds
Platform modules already initialized, skipping
Refreshing native plugins compatible for Editor in 0.43 ms, found 0 plugins.
Preloading 0 native plugins for Editor in 0.00 ms.
Unloading 1223 Unused Serialized files (Serialized files now loaded: 0)
System memory in use before: 114.2 MB.
System memory in use after: 113.9 MB.

Unloading 7 unused Assets to reduce memory usage. Loaded Objects now: 1792.
Total: 3.479800 ms (FindLiveObjects: 0.317100 ms CreateObjectMapping: 0.110200 ms MarkObjects: 2.513800 ms  DeleteObjects: 0.536800 ms)

