Unity Editor version:    2020.3.26f1 (7298b473bc1a)
Branch:                  2020.3/staging
Build type:              Release
Batch mode:              YES
macOS version:           Version 10.14.6 (Build 18G103)
Darwin version:          18.7.0
Architecture:            x86_64
Running under Rosetta:   NO
Available memory:        8192 MB
Using pre-set license
Pro License: NO

COMMAND LINE ARGUMENTS:
/Applications/2020.3.26f1/Unity.app/Contents/MacOS/Unity
-adb2
-batchMode
-noUpm
-name
AssetImportWorker4
-projectPath
/Volumes/TOSHIBA EXT/VR
-logFile
Logs/AssetImportWorker4.log
-srvPort
59647
Successfully changed project path to: /Volumes/TOSHIBA EXT/VR
/Volumes/TOSHIBA EXT/VR
Using Asset Import Pipeline V2.
Refreshing native plugins compatible for Editor in 105.30 ms, found 2 plugins.
Preloading 0 native plugins for Editor in 0.00 ms.
Initialize engine version: 2020.3.26f1 (7298b473bc1a)
[Subsystems] Discovering subsystems at path /Applications/2020.3.26f1/Unity.app/Contents/Resources/UnitySubsystems
[Subsystems] Discovering subsystems at path /Volumes/TOSHIBA EXT/VR/Assets
GfxDevice: creating device client; threaded=0
2022-02-23 15:29:00.789 Unity[19855:4934624] Color LCD preferred device: Intel(R) Iris(TM) Graphics 6100 (low power)
2022-02-23 15:29:00.789 Unity[19855:4934624] Metal devices available: 1
2022-02-23 15:29:00.789 Unity[19855:4934624] 0: Intel(R) Iris(TM) Graphics 6100 (low power)
2022-02-23 15:29:00.790 Unity[19855:4934624] Using device Intel(R) Iris(TM) Graphics 6100 (low power)
Initializing Metal device caps: Intel(R) Iris(TM) Graphics 6100
Initialize mono
Mono path[0] = '/Applications/2020.3.26f1/Unity.app/Contents/Managed'
Mono path[1] = '/Applications/2020.3.26f1/Unity.app/Contents/MonoBleedingEdge/lib/mono/unityjit'
Mono config path = '/Applications/2020.3.26f1/Unity.app/Contents/MonoBleedingEdge/etc'
Using monoOptions --debugger-agent=transport=dt_socket,embedding=1,server=y,suspend=n,address=127.0.0.1:56855
Begin MonoManager ReloadAssembly
Registering precompiled unity dll's ...
Register platform support module: /Applications/2020.3.26f1/PlaybackEngines/WebGLSupport/UnityEditor.WebGL.Extensions.dll
Register platform support module: /Applications/2020.3.26f1/Unity.app/Contents/PlaybackEngines/MacStandaloneSupport/UnityEditor.OSXStandalone.Extensions.dll
Registered in 0.000526 seconds.
Native extension for OSXStandalone target not found
Native extension for WebGL target not found
Refreshing native plugins compatible for Editor in 58.24 ms, found 2 plugins.
Preloading 0 native plugins for Editor in 0.00 ms.
Mono: successfully reloaded assembly
- Completed reload, in  1.064 seconds
Domain Reload Profiling:
	ReloadAssembly (1065ms)
		BeginReloadAssembly (110ms)
			ExecutionOrderSort (0ms)
			DisableScriptedObjects (0ms)
			BackupInstance (0ms)
			ReleaseScriptingObjects (0ms)
			CreateAndSetChildDomain (2ms)
		EndReloadAssembly (756ms)
			LoadAssemblies (108ms)
			RebuildTransferFunctionScriptingTraits (0ms)
			SetupTypeCache (275ms)
			ReleaseScriptCaches (0ms)
			RebuildScriptCaches (55ms)
			SetupLoadedEditorAssemblies (305ms)
				LogAssemblyErrors (0ms)
				InitializePlatformSupportModulesInManaged (8ms)
				SetLoadedEditorAssemblies (1ms)
				RefreshPlugins (58ms)
				BeforeProcessingInitializeOnLoad (11ms)
				ProcessInitializeOnLoadAttributes (172ms)
				ProcessInitializeOnLoadMethodAttributes (55ms)
				AfterProcessingInitializeOnLoad (0ms)
				EditorAssembliesLoaded (0ms)
			ExecutionOrderSort2 (0ms)
			AwakeInstancesAfterBackupRestoration (0ms)
Platform modules already initialized, skipping
Registering precompiled user dll's ...
Registered in 0.002805 seconds.
Begin MonoManager ReloadAssembly
Native extension for OSXStandalone target not found
Native extension for WebGL target not found
Refreshing native plugins compatible for Editor in 0.65 ms, found 2 plugins.
Preloading 0 native plugins for Editor in 0.00 ms.
Mono: successfully reloaded assembly
- Completed reload, in  2.542 seconds
Domain Reload Profiling:
	ReloadAssembly (2551ms)
		BeginReloadAssembly (233ms)
			ExecutionOrderSort (0ms)
			DisableScriptedObjects (7ms)
			BackupInstance (0ms)
			ReleaseScriptingObjects (0ms)
			CreateAndSetChildDomain (53ms)
		EndReloadAssembly (2225ms)
			LoadAssemblies (795ms)
			RebuildTransferFunctionScriptingTraits (0ms)
			SetupTypeCache (670ms)
			ReleaseScriptCaches (1ms)
			RebuildScriptCaches (110ms)
			SetupLoadedEditorAssemblies (459ms)
				LogAssemblyErrors (0ms)
				InitializePlatformSupportModulesInManaged (7ms)
				SetLoadedEditorAssemblies (1ms)
				RefreshPlugins (1ms)
				BeforeProcessingInitializeOnLoad (82ms)
				ProcessInitializeOnLoadAttributes (353ms)
				ProcessInitializeOnLoadMethodAttributes (13ms)
				AfterProcessingInitializeOnLoad (1ms)
				EditorAssembliesLoaded (0ms)
			ExecutionOrderSort2 (0ms)
			AwakeInstancesAfterBackupRestoration (10ms)
Platform modules already initialized, skipping
Validating Project structure ... 0.023931 seconds.
Shader import version has changed; will reimport all shaders...
Upgrading shader files ...0.216915 seconds.
Application.AssetDatabase Initial Script Refresh Start
RefreshInfo: InitialScriptRefreshV2(NoUpdateAssetOptions) scanfilter:  ... 1 filters
RefreshProfiler: Total: 0.000ms
Application.AssetDatabase Initial Script Refresh End
Application.AssetDatabase.Refresh Start
Application.AssetDatabase.Refresh End
RefreshInfo: StopAssetImportingV2(ForceSynchronousImport) scanfilter: 
RefreshProfiler: Total: 0.000ms
Launching external process: /Applications/2020.3.26f1/Unity.app/Contents/Tools/UnityShaderCompiler
Launched and connected shader compiler UnityShaderCompiler after 0.03 seconds
Initializing Unity extensions:
========================================================================
Worker process is ready to serve import requests
Refreshing native plugins compatible for Editor in 0.58 ms, found 2 plugins.
Preloading 0 native plugins for Editor in 0.00 ms.
Unloading 1665 Unused Serialized files (Serialized files now loaded: 0)
System memory in use before: 190.0 MB.
System memory in use after: 189.3 MB.

Unloading 197 unused Assets to reduce memory usage. Loaded Objects now: 2153.
Total: 11.267265 ms (FindLiveObjects: 0.469450 ms CreateObjectMapping: 0.254676 ms MarkObjects: 9.079581 ms  DeleteObjects: 1.461485 ms)

AssetImportParameters requested are different than current active one (requested -> active):
  custom:video-decoder-ogg-theora: a1e56fd34408186e4bbccfd4996cb3dc -> 
  custom:container-muxer-webm: aa71ff27fc2769a1b78a27578f13a17b -> 
  custom:container-demuxer-webm: 4f35f7cbe854078d1ac9338744f61a02 -> 
  custom:container-demuxer-ogg: 62fdf1f143b41e24485cea50d1cbac27 -> 
  custom:video-encoder-webm-vp8: eb34c28f22e8b96e1ab97ce403110664 -> 
  custom:framework-osx-AVFoundation: b23960f63f64bdc6ff669e2cdcee2391 -> 
  custom:video-decoder-webm-vp8: 9c59270c3fd7afecdb556c50c9e8de78 -> 
  custom:audio-decoder-ogg-vorbis: bf7c407c2cedff20999df2af8eb42d56 -> 
  custom:audio-encoder-webm-vorbis: bf7c407c2cedff20999df2af8eb42d56 -> 
========================================================================
Received Import Request.
  path: Assets/Bottiglia birra.fbx
  artifactKey: Guid(afa5a1ebbd0b3c6429687d857c6b131d) Importer(815301076,1909f56bfc062723c751e8b465ee728b)
Start importing Assets/Bottiglia birra.fbx using Guid(afa5a1ebbd0b3c6429687d857c6b131d) Importer(815301076,1909f56bfc062723c751e8b465ee728b)  -> (artifact id: '5bdca84c71e05b1a9992be51cb111682') in 0.845835 seconds 
  Import took 0.921646 seconds .

========================================================================
Received Import Request.
  Time since last request: 0.000314 seconds.
  path: Assets/Cartone latte.fbx
  artifactKey: Guid(558b8877ad763ab44824bc08ef51b45b) Importer(815301076,1909f56bfc062723c751e8b465ee728b)
Start importing Assets/Cartone latte.fbx using Guid(558b8877ad763ab44824bc08ef51b45b) Importer(815301076,1909f56bfc062723c751e8b465ee728b)  -> (artifact id: '78e93c1a7baf54a1c208eef6ace8f48a') in 0.123657 seconds 
  Import took 0.161560 seconds .

========================================================================
Received Import Request.
  Time since last request: 0.000307 seconds.
  path: Assets/Bottiglia Whiskey.fbx
  artifactKey: Guid(ed95e8418120e214b839e6775e4773c2) Importer(815301076,1909f56bfc062723c751e8b465ee728b)
Start importing Assets/Bottiglia Whiskey.fbx using Guid(ed95e8418120e214b839e6775e4773c2) Importer(815301076,1909f56bfc062723c751e8b465ee728b)  -> (artifact id: 'b0df4f51896ffd8f6687a244b0e9dd5c') in 0.107783 seconds 
  Import took 0.133588 seconds .

========================================================================
Received Import Request.
  Time since last request: 0.000368 seconds.
  path: Assets/bacheca_camera.fbx
  artifactKey: Guid(d69459633a7c04153990b6d74935c567) Importer(815301076,1909f56bfc062723c751e8b465ee728b)
Start importing Assets/bacheca_camera.fbx using Guid(d69459633a7c04153990b6d74935c567) Importer(815301076,1909f56bfc062723c751e8b465ee728b)  -> (artifact id: 'f0ecdff73498d6d1c83b7f58dbb5e58e') in 0.080975 seconds 
  Import took 0.121001 seconds .

========================================================================
Received Import Request.
  Time since last request: 20.338566 seconds.
  path: Assets/bacheca_new.fbx
  artifactKey: Guid(9273ac654ac64448ebef55499c9dc9f9) Importer(815301076,1909f56bfc062723c751e8b465ee728b)
Start importing Assets/bacheca_new.fbx using Guid(9273ac654ac64448ebef55499c9dc9f9) Importer(815301076,1909f56bfc062723c751e8b465ee728b)  -> (artifact id: '071c3aaf3a0f763d4a259f5845e8c9d2') in 0.064537 seconds 
  Import took 0.110203 seconds .

========================================================================
Received Import Request.
  Time since last request: 3.528812 seconds.
  path: Assets/Mattia/Models/Bacon.fbx
  artifactKey: Guid(5a65ee9b1af3aab4b8b6442fbe8f16a7) Importer(815301076,1909f56bfc062723c751e8b465ee728b)
Start importing Assets/Mattia/Models/Bacon.fbx using Guid(5a65ee9b1af3aab4b8b6442fbe8f16a7) Importer(815301076,1909f56bfc062723c751e8b465ee728b)  -> (artifact id: '66fad977aca3e539ffe217176cb2e198') in 0.185390 seconds 
  Import took 0.215417 seconds .

========================================================================
Received Import Request.
  Time since last request: 0.000276 seconds.
  path: Assets/Mattia/Prefabs/Bacon.prefab
  artifactKey: Guid(a1dc159620234fa4983f5bf75f528340) Importer(815301076,1909f56bfc062723c751e8b465ee728b)
Start importing Assets/Mattia/Prefabs/Bacon.prefab using Guid(a1dc159620234fa4983f5bf75f528340) Importer(815301076,1909f56bfc062723c751e8b465ee728b)  -> (artifact id: '7f984942ea7fc2c3ddda9846e3aa93f9') in 0.304148 seconds 
  Import took 0.311749 seconds .

========================================================================
Received Import Request.
  Time since last request: 0.000308 seconds.
  path: Assets/Feedback Vocali/TTS_Frigo_Bacon.mp3
  artifactKey: Guid(baaad8e944b7c1a41a22e1d9842bd51b) Importer(815301076,1909f56bfc062723c751e8b465ee728b)
Start importing Assets/Feedback Vocali/TTS_Frigo_Bacon.mp3 using Guid(baaad8e944b7c1a41a22e1d9842bd51b) Importer(815301076,1909f56bfc062723c751e8b465ee728b)  -> (artifact id: '9eb4cb78da635bce9011d0ebc13f3167') in 0.443321 seconds 
  Import took 0.489354 seconds .

========================================================================
Received Import Request.
  Time since last request: 0.000451 seconds.
  path: Assets/Mattia/Texture/Bacon_Bacon_Mat_BaseColor.png
  artifactKey: Guid(1753e98943718af44ae66e4857a983ab) Importer(815301076,1909f56bfc062723c751e8b465ee728b)
Start importing Assets/Mattia/Texture/Bacon_Bacon_Mat_BaseColor.png using Guid(1753e98943718af44ae66e4857a983ab) Importer(815301076,1909f56bfc062723c751e8b465ee728b)  -> (artifact id: '1992a04c1f07b968880c547119568097') in 0.280970 seconds 
  Import took 0.395696 seconds .

========================================================================
Received Import Request.
  Time since last request: 0.000377 seconds.
  path: Assets/Materials/Bacon.mat
  artifactKey: Guid(e4883547f97e03543ad65ab95070c7b2) Importer(815301076,1909f56bfc062723c751e8b465ee728b)
Start importing Assets/Materials/Bacon.mat using Guid(e4883547f97e03543ad65ab95070c7b2) Importer(815301076,1909f56bfc062723c751e8b465ee728b)  -> (artifact id: '3e492318d8e781094386067a99e75fe4') in 0.311926 seconds 
  Import took 0.327455 seconds .

========================================================================
Received Import Request.
  Time since last request: 161.620433 seconds.
  path: Assets/biancheria.fbx
  artifactKey: Guid(609aa793897244319b5c8b27b79a0eb4) Importer(815301076,1909f56bfc062723c751e8b465ee728b)
Start importing Assets/biancheria.fbx using Guid(609aa793897244319b5c8b27b79a0eb4) Importer(815301076,1909f56bfc062723c751e8b465ee728b)  -> (artifact id: 'e7ee64d600a5abdb336282cd85fe2f29') in 0.106797 seconds 
  Import took 0.137839 seconds .

========================================================================
Received Import Request.
  Time since last request: 3.286993 seconds.
  path: Assets/CAR - Assets/bin.png
  artifactKey: Guid(607b0375b3b360f41b022c090b58c842) Importer(815301076,1909f56bfc062723c751e8b465ee728b)
Start importing Assets/CAR - Assets/bin.png using Guid(607b0375b3b360f41b022c090b58c842) Importer(815301076,1909f56bfc062723c751e8b465ee728b)  -> (artifact id: '50f21698f37a5918dbe2a60257689d45') in 0.115066 seconds 
  Import took 0.130187 seconds .

========================================================================
Received Import Request.
  Time since last request: 154.171431 seconds.
  path: Assets/mensola_1.fbx
  artifactKey: Guid(f2609e00751cd4305b7ef112e3d16362) Importer(815301076,1909f56bfc062723c751e8b465ee728b)
Start importing Assets/mensola_1.fbx using Guid(f2609e00751cd4305b7ef112e3d16362) Importer(815301076,1909f56bfc062723c751e8b465ee728b)  -> (artifact id: 'de3f50f0aa1e54b9440603bc9c94c068') in 0.070697 seconds 
  Import took 0.110370 seconds .

========================================================================
Received Import Request.
  Time since last request: 155.422159 seconds.
  path: Assets/mensola_2.fbx
  artifactKey: Guid(53b9d2d4164154f06a709df92eb704f2) Importer(815301076,1909f56bfc062723c751e8b465ee728b)
Start importing Assets/mensola_2.fbx using Guid(53b9d2d4164154f06a709df92eb704f2) Importer(815301076,1909f56bfc062723c751e8b465ee728b)  -> (artifact id: '746e055463a63ce34eecb7b76ad916f5') in 0.032154 seconds 
  Import took 0.076265 seconds .

========================================================================
Received Prepare
Registering precompiled user dll's ...
Registered in 0.121947 seconds.
Begin MonoManager ReloadAssembly
Native extension for OSXStandalone target not found
Native extension for WebGL target not found
Refreshing native plugins compatible for Editor in 0.71 ms, found 2 plugins.
Preloading 0 native plugins for Editor in 0.00 ms.
Mono: successfully reloaded assembly
- Completed reload, in  2.613 seconds
Domain Reload Profiling:
	ReloadAssembly (2613ms)
		BeginReloadAssembly (230ms)
			ExecutionOrderSort (0ms)
			DisableScriptedObjects (10ms)
			BackupInstance (0ms)
			ReleaseScriptingObjects (0ms)
			CreateAndSetChildDomain (131ms)
		EndReloadAssembly (2286ms)
			LoadAssemblies (979ms)
			RebuildTransferFunctionScriptingTraits (0ms)
			SetupTypeCache (547ms)
			ReleaseScriptCaches (1ms)
			RebuildScriptCaches (65ms)
			SetupLoadedEditorAssemblies (510ms)
				LogAssemblyErrors (0ms)
				InitializePlatformSupportModulesInManaged (9ms)
				SetLoadedEditorAssemblies (2ms)
				RefreshPlugins (1ms)
				BeforeProcessingInitializeOnLoad (155ms)
				ProcessInitializeOnLoadAttributes (330ms)
				ProcessInitializeOnLoadMethodAttributes (13ms)
				AfterProcessingInitializeOnLoad (1ms)
				EditorAssembliesLoaded (0ms)
			ExecutionOrderSort2 (0ms)
			AwakeInstancesAfterBackupRestoration (10ms)
Platform modules already initialized, skipping
Refreshing native plugins compatible for Editor in 0.85 ms, found 2 plugins.
Preloading 0 native plugins for Editor in 0.00 ms.
Unloading 1637 Unused Serialized files (Serialized files now loaded: 0)
System memory in use before: 208.1 MB.
System memory in use after: 207.8 MB.

Unloading 17 unused Assets to reduce memory usage. Loaded Objects now: 2202.
Total: 3.927491 ms (FindLiveObjects: 0.232246 ms CreateObjectMapping: 0.111950 ms MarkObjects: 3.032073 ms  DeleteObjects: 0.550161 ms)

AssetImportParameters requested are different than current active one (requested -> active):
  custom:video-decoder-ogg-theora: a1e56fd34408186e4bbccfd4996cb3dc -> 
  custom:container-muxer-webm: aa71ff27fc2769a1b78a27578f13a17b -> 
  custom:container-demuxer-webm: 4f35f7cbe854078d1ac9338744f61a02 -> 
  custom:container-demuxer-ogg: 62fdf1f143b41e24485cea50d1cbac27 -> 
  custom:video-encoder-webm-vp8: eb34c28f22e8b96e1ab97ce403110664 -> 
  custom:framework-osx-AVFoundation: b23960f63f64bdc6ff669e2cdcee2391 -> 
  custom:video-decoder-webm-vp8: 9c59270c3fd7afecdb556c50c9e8de78 -> 
  custom:audio-decoder-ogg-vorbis: bf7c407c2cedff20999df2af8eb42d56 -> 
  custom:audio-encoder-webm-vorbis: bf7c407c2cedff20999df2af8eb42d56 -> 
========================================================================
Received Import Request.
  Time since last request: 256.519327 seconds.
  path: Assets/mobile_bagno.fbx
  artifactKey: Guid(769b5e2696c334d58ae57c5e45c6b957) Importer(815301076,1909f56bfc062723c751e8b465ee728b)
Start importing Assets/mobile_bagno.fbx using Guid(769b5e2696c334d58ae57c5e45c6b957) Importer(815301076,1909f56bfc062723c751e8b465ee728b)  -> (artifact id: '349415bb3ff6de6bf92f28da54d6e097') in 0.133127 seconds 
  Import took 0.183963 seconds .

========================================================================
Received Import Request.
  Time since last request: 177.037267 seconds.
  path: Assets/cassettiera_bagno.fbx
  artifactKey: Guid(d80e7a2770c4b43759e55cf32ea44e0d) Importer(815301076,1909f56bfc062723c751e8b465ee728b)
Start importing Assets/cassettiera_bagno.fbx using Guid(d80e7a2770c4b43759e55cf32ea44e0d) Importer(815301076,1909f56bfc062723c751e8b465ee728b)  -> (artifact id: '9d47358d3aab688764b694132203cf94') in 0.101847 seconds 
  Import took 0.127671 seconds .

========================================================================
Received Import Request.
  Time since last request: 210.742371 seconds.
  path: Assets/rotolo.fbx
  artifactKey: Guid(edddc574b0b5a4da1adf921ad324070e) Importer(815301076,1909f56bfc062723c751e8b465ee728b)
Start importing Assets/rotolo.fbx using Guid(edddc574b0b5a4da1adf921ad324070e) Importer(815301076,1909f56bfc062723c751e8b465ee728b)  -> (artifact id: 'fa29671a951c01e84d14bdde94f96c17') in 0.034999 seconds 
  Import took 0.056531 seconds .

========================================================================
Received Import Request.
  Time since last request: 213.224322 seconds.
  path: Assets/carta.fbx
  artifactKey: Guid(44a132b656a804c39bfa629b2586c351) Importer(815301076,1909f56bfc062723c751e8b465ee728b)
Start importing Assets/carta.fbx using Guid(44a132b656a804c39bfa629b2586c351) Importer(815301076,1909f56bfc062723c751e8b465ee728b)  -> (artifact id: '8b413308805176df407875f6dabdfcdc') in 0.160174 seconds 
  Import took 0.192479 seconds .

========================================================================
Received Import Request.
  Time since last request: 11.791796 seconds.
  path: Assets/Textures/Bidet/Bidet_Ceramica_Bidet_Metallic.png
  artifactKey: Guid(bb6e8a19290d41f4abd7b89d9c1b1c11) Importer(815301076,1909f56bfc062723c751e8b465ee728b)
Start importing Assets/Textures/Bidet/Bidet_Ceramica_Bidet_Metallic.png using Guid(bb6e8a19290d41f4abd7b89d9c1b1c11) Importer(815301076,1909f56bfc062723c751e8b465ee728b)  -> (artifact id: 'bb411b40b95a2731a3cf6cc7beb06f06') in 0.194606 seconds 
  Import took 0.248852 seconds .

========================================================================
Received Import Request.
  Time since last request: 0.001023 seconds.
  path: Assets/Standard Assets/Environment/SpeedTree/Broadleaf/Broadleaves_Card_Desktop_Spec.tga
  artifactKey: Guid(6308da3d0ff986b42be3b0a6ea5b6fae) Importer(815301076,1909f56bfc062723c751e8b465ee728b)
Start importing Assets/Standard Assets/Environment/SpeedTree/Broadleaf/Broadleaves_Card_Desktop_Spec.tga using Guid(6308da3d0ff986b42be3b0a6ea5b6fae) Importer(815301076,1909f56bfc062723c751e8b465ee728b)  -> (artifact id: '8ecf194bc6ec2a7e0bcd03201ad8456e') in 0.745445 seconds 
  Import took 0.773155 seconds .

========================================================================
Received Import Request.
  Time since last request: 0.000300 seconds.
  path: Assets/Standard Assets/Environment/SpeedTree/Broadleaf/Broadleaves_Card_Desktop_Normal.tga
  artifactKey: Guid(f0d8945c7972e4747aa776e16494fa37) Importer(815301076,1909f56bfc062723c751e8b465ee728b)
Start importing Assets/Standard Assets/Environment/SpeedTree/Broadleaf/Broadleaves_Card_Desktop_Normal.tga using Guid(f0d8945c7972e4747aa776e16494fa37) Importer(815301076,1909f56bfc062723c751e8b465ee728b)  -> (artifact id: 'ba2a1de98fd80a5f4cc21a5125a9ed50') in 0.091495 seconds 
  Import took 0.111351 seconds .

========================================================================
Received Import Request.
  Time since last request: 0.000286 seconds.
  path: Assets/Standard Assets/Environment/SpeedTree/Broadleaf/Broadleaves_Card_Desktop.tga
  artifactKey: Guid(ea60173ceac07334c91568c48cc765cd) Importer(815301076,1909f56bfc062723c751e8b465ee728b)
Start importing Assets/Standard Assets/Environment/SpeedTree/Broadleaf/Broadleaves_Card_Desktop.tga using Guid(ea60173ceac07334c91568c48cc765cd) Importer(815301076,1909f56bfc062723c751e8b465ee728b)  -> (artifact id: 'aefb90d6134c80d6259b3f150bd9053a') in 0.076867 seconds 
  Import took 0.150229 seconds .

========================================================================
Received Import Request.
  Time since last request: 0.000314 seconds.
  path: Assets/Textures/Bidet/Bidet_Ceramica_Bidet_Roughness.png
  artifactKey: Guid(cdd9b6758bf9e214d8142caa3efcf2fe) Importer(815301076,1909f56bfc062723c751e8b465ee728b)
Start importing Assets/Textures/Bidet/Bidet_Ceramica_Bidet_Roughness.png using Guid(cdd9b6758bf9e214d8142caa3efcf2fe) Importer(815301076,1909f56bfc062723c751e8b465ee728b)  -> (artifact id: 'ce4896ac051b6ccfb2737e738cdabd65') in 0.067136 seconds 
  Import took 0.106935 seconds .

========================================================================
Received Import Request.
  Time since last request: 0.000293 seconds.
  path: Assets/Textures/Bidet/Bidet_Ceramica_Bidet_Metallic_Unity.png
  artifactKey: Guid(ee010abde808310438d2bfbeab555db5) Importer(815301076,1909f56bfc062723c751e8b465ee728b)
Start importing Assets/Textures/Bidet/Bidet_Ceramica_Bidet_Metallic_Unity.png using Guid(ee010abde808310438d2bfbeab555db5) Importer(815301076,1909f56bfc062723c751e8b465ee728b)  -> (artifact id: '5fde212ab6f1ec15771803719bcbbe42') in 0.113477 seconds 
  Import took 0.145674 seconds .

========================================================================
Received Import Request.
  Time since last request: 138.045645 seconds.
  path: Assets/pianta_grassa.fbx
  artifactKey: Guid(a2777c605be7f464f952402f2e290617) Importer(815301076,1909f56bfc062723c751e8b465ee728b)
Start importing Assets/pianta_grassa.fbx using Guid(a2777c605be7f464f952402f2e290617) Importer(815301076,1909f56bfc062723c751e8b465ee728b)  -> (artifact id: '1feef8590e0f2ac25d0777a4ba51de5d') in 0.225649 seconds 
  Import took 0.291872 seconds .

========================================================================
Received Import Request.
  Time since last request: 0.000267 seconds.
  path: Assets/Textures/Piante/Piante_DefaultMaterial_Metallic.png
  artifactKey: Guid(ac9360f504f34e94bbecc9c7e3d6f2e3) Importer(815301076,1909f56bfc062723c751e8b465ee728b)
Start importing Assets/Textures/Piante/Piante_DefaultMaterial_Metallic.png using Guid(ac9360f504f34e94bbecc9c7e3d6f2e3) Importer(815301076,1909f56bfc062723c751e8b465ee728b)  -> (artifact id: '8ea4e3fab3e6297efe34fe089d0741f4') in 0.077847 seconds 
  Import took 0.081157 seconds .

========================================================================
Received Import Request.
  Time since last request: 0.000320 seconds.
  path: Assets/Materials/Piante.mat
  artifactKey: Guid(648994aa21fcd5641a1c1d747c9573ee) Importer(815301076,1909f56bfc062723c751e8b465ee728b)
Start importing Assets/Materials/Piante.mat using Guid(648994aa21fcd5641a1c1d747c9573ee) Importer(815301076,1909f56bfc062723c751e8b465ee728b)  -> (artifact id: 'da26137d50ceb94a6e609846cab888bc') in 0.209758 seconds 
  Import took 0.289857 seconds .

========================================================================
Received Import Request.
  Time since last request: 0.000325 seconds.
  path: Assets/Textures/Piante/Piante_DefaultMaterial_BaseColor.png
  artifactKey: Guid(1e8a6b993fb8d3a4180752048b60c7b4) Importer(815301076,1909f56bfc062723c751e8b465ee728b)
Start importing Assets/Textures/Piante/Piante_DefaultMaterial_BaseColor.png using Guid(1e8a6b993fb8d3a4180752048b60c7b4) Importer(815301076,1909f56bfc062723c751e8b465ee728b)  -> (artifact id: '6d0d77804e67b4ceb630da85a12fde54') in 0.018174 seconds 
  Import took 0.041036 seconds .

========================================================================
Received Import Request.
  Time since last request: 0.000321 seconds.
  path: Assets/Textures/Piante/Piante_DefaultMaterial_Metallic_Unity.png
  artifactKey: Guid(e361cf4d898c7504aac377d69ef2852d) Importer(815301076,1909f56bfc062723c751e8b465ee728b)
Start importing Assets/Textures/Piante/Piante_DefaultMaterial_Metallic_Unity.png using Guid(e361cf4d898c7504aac377d69ef2852d) Importer(815301076,1909f56bfc062723c751e8b465ee728b)  -> (artifact id: '45e9758012b6f646e73a9bf80b1c325b') in 0.031701 seconds 
  Import took 0.063897 seconds .

========================================================================
Received Import Request.
  Time since last request: 0.001679 seconds.
  path: Assets/Textures/Piante/Piante_DefaultMaterial_Roughness.png
  artifactKey: Guid(52ee5a20d0e3c08468d1e92bb5c789de) Importer(815301076,1909f56bfc062723c751e8b465ee728b)
Start importing Assets/Textures/Piante/Piante_DefaultMaterial_Roughness.png using Guid(52ee5a20d0e3c08468d1e92bb5c789de) Importer(815301076,1909f56bfc062723c751e8b465ee728b)  -> (artifact id: '146481e6361a3589a7af5c751cbdc4fb') in 0.134949 seconds 
  Import took 0.141938 seconds .

========================================================================
Received Prepare
Registering precompiled user dll's ...
Registered in 0.037622 seconds.
Begin MonoManager ReloadAssembly
Native extension for OSXStandalone target not found
Native extension for WebGL target not found
Refreshing native plugins compatible for Editor in 0.59 ms, found 2 plugins.
Preloading 0 native plugins for Editor in 0.00 ms.
Mono: successfully reloaded assembly
- Completed reload, in  1.461 seconds
Domain Reload Profiling:
	ReloadAssembly (1461ms)
		BeginReloadAssembly (155ms)
			ExecutionOrderSort (0ms)
			DisableScriptedObjects (5ms)
			BackupInstance (0ms)
			ReleaseScriptingObjects (0ms)
			CreateAndSetChildDomain (82ms)
		EndReloadAssembly (1217ms)
			LoadAssemblies (96ms)
			RebuildTransferFunctionScriptingTraits (0ms)
			SetupTypeCache (463ms)
			ReleaseScriptCaches (1ms)
			RebuildScriptCaches (64ms)
			SetupLoadedEditorAssemblies (422ms)
				LogAssemblyErrors (0ms)
				InitializePlatformSupportModulesInManaged (7ms)
				SetLoadedEditorAssemblies (1ms)
				RefreshPlugins (1ms)
				BeforeProcessingInitializeOnLoad (117ms)
				ProcessInitializeOnLoadAttributes (285ms)
				ProcessInitializeOnLoadMethodAttributes (10ms)
				AfterProcessingInitializeOnLoad (1ms)
				EditorAssembliesLoaded (0ms)
			ExecutionOrderSort2 (0ms)
			AwakeInstancesAfterBackupRestoration (10ms)
Platform modules already initialized, skipping
Refreshing native plugins compatible for Editor in 0.91 ms, found 2 plugins.
Preloading 0 native plugins for Editor in 0.00 ms.
Unloading 1637 Unused Serialized files (Serialized files now loaded: 0)
System memory in use before: 212.6 MB.
System memory in use after: 212.2 MB.

Unloading 16 unused Assets to reduce memory usage. Loaded Objects now: 2205.
Total: 5.060232 ms (FindLiveObjects: 0.183875 ms CreateObjectMapping: 0.057579 ms MarkObjects: 3.380319 ms  DeleteObjects: 1.436386 ms)

AssetImportParameters requested are different than current active one (requested -> active):
  custom:video-decoder-ogg-theora: a1e56fd34408186e4bbccfd4996cb3dc -> 
  custom:container-muxer-webm: aa71ff27fc2769a1b78a27578f13a17b -> 
  custom:container-demuxer-webm: 4f35f7cbe854078d1ac9338744f61a02 -> 
  custom:container-demuxer-ogg: 62fdf1f143b41e24485cea50d1cbac27 -> 
  custom:video-encoder-webm-vp8: eb34c28f22e8b96e1ab97ce403110664 -> 
  custom:framework-osx-AVFoundation: b23960f63f64bdc6ff669e2cdcee2391 -> 
  custom:video-decoder-webm-vp8: 9c59270c3fd7afecdb556c50c9e8de78 -> 
  custom:audio-decoder-ogg-vorbis: bf7c407c2cedff20999df2af8eb42d56 -> 
  custom:audio-encoder-webm-vorbis: bf7c407c2cedff20999df2af8eb42d56 -> 
