Unity Editor version:    2020.3.26f1 (7298b473bc1a)
Branch:                  2020.3/staging
Build type:              Release
Batch mode:              YES
macOS version:           Version 10.14.6 (Build 18G103)
Darwin version:          18.7.0
Architecture:            x86_64
Running under Rosetta:   NO
Available memory:        8192 MB
Using pre-set license
Pro License: NO

COMMAND LINE ARGUMENTS:
/Applications/2020.3.26f1/Unity.app/Contents/MacOS/Unity
-adb2
-batchMode
-noUpm
-name
AssetImportWorker20
-projectPath
/Volumes/TOSHIBA EXT/VR
-logFile
Logs/AssetImportWorker20.log
-srvPort
53103
Successfully changed project path to: /Volumes/TOSHIBA EXT/VR
/Volumes/TOSHIBA EXT/VR
Using Asset Import Pipeline V2.
Refreshing native plugins compatible for Editor in 391.61 ms, found 2 plugins.
Preloading 0 native plugins for Editor in 0.00 ms.
Initialize engine version: 2020.3.26f1 (7298b473bc1a)
[Subsystems] Discovering subsystems at path /Applications/2020.3.26f1/Unity.app/Contents/Resources/UnitySubsystems
[Subsystems] Discovering subsystems at path /Volumes/TOSHIBA EXT/VR/Assets
GfxDevice: creating device client; threaded=0
2022-02-22 09:57:06.482 Unity[11506:1066864] Color LCD preferred device: Intel(R) Iris(TM) Graphics 6100 (low power)
2022-02-22 09:57:06.482 Unity[11506:1066864] Metal devices available: 1
2022-02-22 09:57:06.482 Unity[11506:1066864] 0: Intel(R) Iris(TM) Graphics 6100 (low power)
2022-02-22 09:57:06.483 Unity[11506:1066864] Using device Intel(R) Iris(TM) Graphics 6100 (low power)
Initializing Metal device caps: Intel(R) Iris(TM) Graphics 6100
Initialize mono
Mono path[0] = '/Applications/2020.3.26f1/Unity.app/Contents/Managed'
Mono path[1] = '/Applications/2020.3.26f1/Unity.app/Contents/MonoBleedingEdge/lib/mono/unityjit'
Mono config path = '/Applications/2020.3.26f1/Unity.app/Contents/MonoBleedingEdge/etc'
Using monoOptions --debugger-agent=transport=dt_socket,embedding=1,server=y,suspend=n,address=127.0.0.1:56506
Begin MonoManager ReloadAssembly
Registering precompiled unity dll's ...
Register platform support module: /Applications/2020.3.26f1/PlaybackEngines/WebGLSupport/UnityEditor.WebGL.Extensions.dll
Register platform support module: /Applications/2020.3.26f1/Unity.app/Contents/PlaybackEngines/MacStandaloneSupport/UnityEditor.OSXStandalone.Extensions.dll
Registered in 0.000496 seconds.
Native extension for OSXStandalone target not found
Native extension for WebGL target not found
Refreshing native plugins compatible for Editor in 122.36 ms, found 2 plugins.
Preloading 0 native plugins for Editor in 0.00 ms.
Mono: successfully reloaded assembly
- Completed reload, in  1.145 seconds
Domain Reload Profiling:
	ReloadAssembly (1145ms)
		BeginReloadAssembly (60ms)
			ExecutionOrderSort (0ms)
			DisableScriptedObjects (0ms)
			BackupInstance (0ms)
			ReleaseScriptingObjects (0ms)
			CreateAndSetChildDomain (1ms)
		EndReloadAssembly (947ms)
			LoadAssemblies (59ms)
			RebuildTransferFunctionScriptingTraits (0ms)
			SetupTypeCache (350ms)
			ReleaseScriptCaches (0ms)
			RebuildScriptCaches (60ms)
			SetupLoadedEditorAssemblies (348ms)
				LogAssemblyErrors (0ms)
				InitializePlatformSupportModulesInManaged (8ms)
				SetLoadedEditorAssemblies (0ms)
				RefreshPlugins (122ms)
				BeforeProcessingInitializeOnLoad (11ms)
				ProcessInitializeOnLoadAttributes (157ms)
				ProcessInitializeOnLoadMethodAttributes (48ms)
				AfterProcessingInitializeOnLoad (0ms)
				EditorAssembliesLoaded (0ms)
			ExecutionOrderSort2 (0ms)
			AwakeInstancesAfterBackupRestoration (0ms)
Platform modules already initialized, skipping
Registering precompiled user dll's ...
Registered in 0.112175 seconds.
Begin MonoManager ReloadAssembly
Native extension for OSXStandalone target not found
Native extension for WebGL target not found
Refreshing native plugins compatible for Editor in 0.87 ms, found 2 plugins.
Preloading 0 native plugins for Editor in 0.00 ms.
Mono: successfully reloaded assembly
- Completed reload, in  2.478 seconds
Domain Reload Profiling:
	ReloadAssembly (2495ms)
		BeginReloadAssembly (355ms)
			ExecutionOrderSort (0ms)
			DisableScriptedObjects (8ms)
			BackupInstance (0ms)
			ReleaseScriptingObjects (0ms)
			CreateAndSetChildDomain (102ms)
		EndReloadAssembly (2045ms)
			LoadAssemblies (693ms)
			RebuildTransferFunctionScriptingTraits (0ms)
			SetupTypeCache (616ms)
			ReleaseScriptCaches (0ms)
			RebuildScriptCaches (76ms)
			SetupLoadedEditorAssemblies (481ms)
				LogAssemblyErrors (0ms)
				InitializePlatformSupportModulesInManaged (9ms)
				SetLoadedEditorAssemblies (1ms)
				RefreshPlugins (1ms)
				BeforeProcessingInitializeOnLoad (101ms)
				ProcessInitializeOnLoadAttributes (354ms)
				ProcessInitializeOnLoadMethodAttributes (14ms)
				AfterProcessingInitializeOnLoad (1ms)
				EditorAssembliesLoaded (0ms)
			ExecutionOrderSort2 (0ms)
			AwakeInstancesAfterBackupRestoration (9ms)
Platform modules already initialized, skipping
Validating Project structure ... 1.108588 seconds.
Shader import version has changed; will reimport all shaders...
Upgrading shader files ...0.390591 seconds.
Application.AssetDatabase Initial Script Refresh Start
RefreshInfo: InitialScriptRefreshV2(NoUpdateAssetOptions) scanfilter:  ... 1 filters
RefreshProfiler: Total: 0.000ms
Application.AssetDatabase Initial Script Refresh End
Application.AssetDatabase.Refresh Start
Application.AssetDatabase.Refresh End
RefreshInfo: StopAssetImportingV2(ForceSynchronousImport) scanfilter: 
RefreshProfiler: Total: 0.000ms
Launching external process: /Applications/2020.3.26f1/Unity.app/Contents/Tools/UnityShaderCompiler
Launched and connected shader compiler UnityShaderCompiler after 0.02 seconds
Initializing Unity extensions:
========================================================================
Worker process is ready to serve import requests
Refreshing native plugins compatible for Editor in 0.52 ms, found 2 plugins.
Preloading 0 native plugins for Editor in 0.00 ms.
Unloading 1665 Unused Serialized files (Serialized files now loaded: 0)
System memory in use before: 189.6 MB.
System memory in use after: 188.9 MB.

Unloading 197 unused Assets to reduce memory usage. Loaded Objects now: 2153.
Total: 5.126732 ms (FindLiveObjects: 0.465481 ms CreateObjectMapping: 0.130963 ms MarkObjects: 3.772787 ms  DeleteObjects: 0.755313 ms)

AssetImportParameters requested are different than current active one (requested -> active):
  custom:video-decoder-ogg-theora: a1e56fd34408186e4bbccfd4996cb3dc -> 
  custom:container-muxer-webm: aa71ff27fc2769a1b78a27578f13a17b -> 
  custom:container-demuxer-webm: 4f35f7cbe854078d1ac9338744f61a02 -> 
  custom:container-demuxer-ogg: 62fdf1f143b41e24485cea50d1cbac27 -> 
  custom:video-encoder-webm-vp8: eb34c28f22e8b96e1ab97ce403110664 -> 
  custom:framework-osx-AVFoundation: b23960f63f64bdc6ff669e2cdcee2391 -> 
  custom:video-decoder-webm-vp8: 9c59270c3fd7afecdb556c50c9e8de78 -> 
  custom:audio-decoder-ogg-vorbis: bf7c407c2cedff20999df2af8eb42d56 -> 
  custom:audio-encoder-webm-vorbis: bf7c407c2cedff20999df2af8eb42d56 -> 
========================================================================
Received Import Request.
  path: Assets/SampleScenes/Menu/Prefabs/MainMenuUI.prefab
  artifactKey: Guid(2c438794b43b9534189eff0d7d79335a) Importer(815301076,1909f56bfc062723c751e8b465ee728b)
Start importing Assets/SampleScenes/Menu/Prefabs/MainMenuUI.prefab using Guid(2c438794b43b9534189eff0d7d79335a) Importer(815301076,1909f56bfc062723c751e8b465ee728b)  -> (artifact id: '4f622076df82fa06e4a277d008a550cb') in 0.882894 seconds 
  Import took 0.942913 seconds .

========================================================================
Received Import Request.
  Time since last request: 0.000314 seconds.
  path: Assets/Scenes/main.unity
  artifactKey: Guid(bf280381e32855649a1167db69e154d4) Importer(815301076,1909f56bfc062723c751e8b465ee728b)
Start importing Assets/Scenes/main.unity using Guid(bf280381e32855649a1167db69e154d4) Importer(815301076,1909f56bfc062723c751e8b465ee728b)  -> (artifact id: 'c4ce779a1146eca1bff3921673b95344') in 0.007552 seconds 
  Import took 0.061425 seconds .

========================================================================
Received Import Request.
  Time since last request: 0.000339 seconds.
  path: Assets/CAR - Assets/guillaume-de-germain-6Xw9wMJyHus-unsplash.jpg
  artifactKey: Guid(392265f6e58cc684a991e78795a9dfd7) Importer(815301076,1909f56bfc062723c751e8b465ee728b)
Start importing Assets/CAR - Assets/guillaume-de-germain-6Xw9wMJyHus-unsplash.jpg using Guid(392265f6e58cc684a991e78795a9dfd7) Importer(815301076,1909f56bfc062723c751e8b465ee728b)  -> (artifact id: 'f91e35c2a9d2761e61e8d0cc7eb71373') in 0.706020 seconds 
  Import took 0.861248 seconds .

========================================================================
Received Import Request.
  Time since last request: 0.000269 seconds.
  path: Assets/QuickOutline/Samples/Scenes
  artifactKey: Guid(3916faa55c6a94248959031ee0ad499f) Importer(815301076,1909f56bfc062723c751e8b465ee728b)
Start importing Assets/QuickOutline/Samples/Scenes using Guid(3916faa55c6a94248959031ee0ad499f) Importer(815301076,1909f56bfc062723c751e8b465ee728b)  -> (artifact id: 'c4447edb3c9bf3a0af5bc14520201888') in 0.022918 seconds 
  Import took 0.026911 seconds .

========================================================================
Received Import Request.
  Time since last request: 0.000593 seconds.
  path: Assets/Materials/Armadio.mat
  artifactKey: Guid(62a051932073248799dc3bddf0e4e524) Importer(815301076,1909f56bfc062723c751e8b465ee728b)
Start importing Assets/Materials/Armadio.mat using Guid(62a051932073248799dc3bddf0e4e524) Importer(815301076,1909f56bfc062723c751e8b465ee728b)  -> (artifact id: '69fdb30f3b21d7330d95c205640cdc38') in 0.521969 seconds 
  Import took 0.570237 seconds .

========================================================================
Received Import Request.
  Time since last request: 0.000339 seconds.
  path: Assets/Mattia/Models/Piatto.fbx
  artifactKey: Guid(bb1c3c28397139949b3a96e98421b4f4) Importer(815301076,1909f56bfc062723c751e8b465ee728b)
Start importing Assets/Mattia/Models/Piatto.fbx using Guid(bb1c3c28397139949b3a96e98421b4f4) Importer(815301076,1909f56bfc062723c751e8b465ee728b)  -> (artifact id: '8ce3f2ada3fc522039ce092452d649b1') in 0.510235 seconds 
  Import took 0.583507 seconds .

========================================================================
Received Import Request.
  Time since last request: 0.000309 seconds.
  path: Assets/SampleScenes/Menu/Prefabs/MainMenuLoader.prefab
  artifactKey: Guid(9d86e6c6b9ce74f9ab00b6c214035130) Importer(815301076,1909f56bfc062723c751e8b465ee728b)
Start importing Assets/SampleScenes/Menu/Prefabs/MainMenuLoader.prefab using Guid(9d86e6c6b9ce74f9ab00b6c214035130) Importer(815301076,1909f56bfc062723c751e8b465ee728b)  -> (artifact id: '35d51812b8dee52e18cbf46893010f11') in 0.118677 seconds 
  Import took 0.243311 seconds .

========================================================================
Received Import Request.
  Time since last request: 0.000302 seconds.
  path: Assets/Mattia/Prefabs/Piatto.prefab
  artifactKey: Guid(d529ffe872b5ffc49a9fb55ca1fc5f57) Importer(815301076,1909f56bfc062723c751e8b465ee728b)
Start importing Assets/Mattia/Prefabs/Piatto.prefab using Guid(d529ffe872b5ffc49a9fb55ca1fc5f57) Importer(815301076,1909f56bfc062723c751e8b465ee728b)  -> (artifact id: 'b608631313f59a84dd684cfe02f39f4c') in 0.182167 seconds 
  Import took 0.259008 seconds .

========================================================================
Received Prepare
Refreshing native plugins compatible for Editor in 278.17 ms, found 2 plugins.
Preloading 0 native plugins for Editor in 0.00 ms.
Unloading 14 Unused Serialized files (Serialized files now loaded: 0)
System memory in use before: 173.9 MB.
System memory in use after: 173.5 MB.

Unloading 14 unused Assets to reduce memory usage. Loaded Objects now: 2198.
Total: 6.938404 ms (FindLiveObjects: 0.264400 ms CreateObjectMapping: 0.101812 ms MarkObjects: 6.013918 ms  DeleteObjects: 0.556997 ms)

AssetImportParameters requested are different than current active one (requested -> active):
  custom:video-decoder-ogg-theora: a1e56fd34408186e4bbccfd4996cb3dc -> 
  custom:container-muxer-webm: aa71ff27fc2769a1b78a27578f13a17b -> 
  custom:container-demuxer-webm: 4f35f7cbe854078d1ac9338744f61a02 -> 
  custom:container-demuxer-ogg: 62fdf1f143b41e24485cea50d1cbac27 -> 
  custom:video-encoder-webm-vp8: eb34c28f22e8b96e1ab97ce403110664 -> 
  custom:framework-osx-AVFoundation: b23960f63f64bdc6ff669e2cdcee2391 -> 
  custom:video-decoder-webm-vp8: 9c59270c3fd7afecdb556c50c9e8de78 -> 
  custom:audio-decoder-ogg-vorbis: bf7c407c2cedff20999df2af8eb42d56 -> 
  custom:audio-encoder-webm-vorbis: bf7c407c2cedff20999df2af8eb42d56 -> 
========================================================================
Received Import Request.
  Time since last request: 142.410242 seconds.
  path: Assets/Camera
  artifactKey: Guid(3471d0ee2370a4623be34fcf09011fd2) Importer(815301076,1909f56bfc062723c751e8b465ee728b)
Start importing Assets/Camera using Guid(3471d0ee2370a4623be34fcf09011fd2) Importer(815301076,1909f56bfc062723c751e8b465ee728b)  -> (artifact id: 'fe8562592d1db6f67cba9809e77c946c') in 0.003497 seconds 
  Import took 0.042669 seconds .

========================================================================
Received Import Request.
  Time since last request: 0.000302 seconds.
  path: Assets/Camera/Material.010.mat
  artifactKey: Guid(7c406b93cba564f61b9c929138da2dfb) Importer(815301076,1909f56bfc062723c751e8b465ee728b)
Start importing Assets/Camera/Material.010.mat using Guid(7c406b93cba564f61b9c929138da2dfb) Importer(815301076,1909f56bfc062723c751e8b465ee728b)  -> (artifact id: 'be1d47c043b79c92ab76ea69e78e5732') in 0.165127 seconds 
  Import took 0.192673 seconds .

========================================================================
Received Import Request.
  Time since last request: 10.320241 seconds.
  path: Assets/SampleScenes/Textures/GUITimescaleFull.png
  artifactKey: Guid(4276d5f756bb64e7dbe3d20577592f33) Importer(815301076,1909f56bfc062723c751e8b465ee728b)
Start importing Assets/SampleScenes/Textures/GUITimescaleFull.png using Guid(4276d5f756bb64e7dbe3d20577592f33) Importer(815301076,1909f56bfc062723c751e8b465ee728b)  -> (artifact id: 'ec57d47d4b28304ae83f1800fbd65acb') in 0.611036 seconds 
  Import took 0.661146 seconds .

========================================================================
Received Import Request.
  Time since last request: 0.000320 seconds.
  path: Assets/Textures/Lavabo/Lavabo_Ceramica_BaseColor.png
  artifactKey: Guid(0a11d83453c961545a70e2c34368274e) Importer(815301076,1909f56bfc062723c751e8b465ee728b)
Start importing Assets/Textures/Lavabo/Lavabo_Ceramica_BaseColor.png using Guid(0a11d83453c961545a70e2c34368274e) Importer(815301076,1909f56bfc062723c751e8b465ee728b)  -> (artifact id: '93c6601f045ee5003126f4359a0e0f67') in 0.108425 seconds 
  Import took 0.164666 seconds .

========================================================================
Received Import Request.
  Time since last request: 0.000295 seconds.
  path: Assets/Textures/Lavabo/Lavabo_Ceramica_Roughness.png
  artifactKey: Guid(5040efa530b628249b1121b7c7590e1e) Importer(815301076,1909f56bfc062723c751e8b465ee728b)
Start importing Assets/Textures/Lavabo/Lavabo_Ceramica_Roughness.png using Guid(5040efa530b628249b1121b7c7590e1e) Importer(815301076,1909f56bfc062723c751e8b465ee728b)  -> (artifact id: 'c3330e0bc5eaf3d6e4ac6d8e64f2f9e3') in 0.062699 seconds 
  Import took 0.113083 seconds .

========================================================================
Received Import Request.
  Time since last request: 0.000554 seconds.
  path: Assets/Textures/MacchinettaCaffe/MacchinettaCaffe_DefaultMaterial_Metallic.png
  artifactKey: Guid(150b05931a2076840bbbdab00cf4e659) Importer(815301076,1909f56bfc062723c751e8b465ee728b)
Start importing Assets/Textures/MacchinettaCaffe/MacchinettaCaffe_DefaultMaterial_Metallic.png using Guid(150b05931a2076840bbbdab00cf4e659) Importer(815301076,1909f56bfc062723c751e8b465ee728b)  -> (artifact id: '798d041647a38500fc6c2fea3d51def1') in 0.062172 seconds 
  Import took 0.109270 seconds .

========================================================================
Received Import Request.
  Time since last request: 0.000307 seconds.
  path: Assets/Textures/MacchinettaCaffe/MacchinettaCaffe_DefaultMaterial_Metallic_Unity.png
  artifactKey: Guid(b5482ba8d04efd1479d532fb75343128) Importer(815301076,1909f56bfc062723c751e8b465ee728b)
Start importing Assets/Textures/MacchinettaCaffe/MacchinettaCaffe_DefaultMaterial_Metallic_Unity.png using Guid(b5482ba8d04efd1479d532fb75343128) Importer(815301076,1909f56bfc062723c751e8b465ee728b)  -> (artifact id: 'bbe4d06d18d193896f57810cb8eccf74') in 0.181899 seconds 
  Import took 0.231012 seconds .

========================================================================
Received Import Request.
  Time since last request: 0.000276 seconds.
  path: Assets/Mattia/Prefabs/MacchinettaCaffe.prefab
  artifactKey: Guid(afa8d22f7dd8cc342b3a6d2bc702c8bb) Importer(815301076,1909f56bfc062723c751e8b465ee728b)
Start importing Assets/Mattia/Prefabs/MacchinettaCaffe.prefab using Guid(afa8d22f7dd8cc342b3a6d2bc702c8bb) Importer(815301076,1909f56bfc062723c751e8b465ee728b)  -> (artifact id: 'f6cf6fdb928017f95857dc6c810874e9') in 0.114334 seconds 
  Import took 0.140948 seconds .

========================================================================
Received Import Request.
  Time since last request: 0.000287 seconds.
  path: Assets/Materials/MacchinettaCaffe.mat
  artifactKey: Guid(5515cbf0e1c22494aa6f3344a1a9367f) Importer(815301076,1909f56bfc062723c751e8b465ee728b)
Start importing Assets/Materials/MacchinettaCaffe.mat using Guid(5515cbf0e1c22494aa6f3344a1a9367f) Importer(815301076,1909f56bfc062723c751e8b465ee728b)  -> (artifact id: '3f75cae1b8695b38a2193ee099807520') in 0.094494 seconds 
  Import took 0.099656 seconds .

========================================================================
Received Import Request.
  Time since last request: 0.000331 seconds.
  path: Assets/Textures/MacchinettaCaffe/MacchinettaCaffe_DefaultMaterial_BaseColor.png
  artifactKey: Guid(dc9fe465bbf821f4685af147c169c939) Importer(815301076,1909f56bfc062723c751e8b465ee728b)
Start importing Assets/Textures/MacchinettaCaffe/MacchinettaCaffe_DefaultMaterial_BaseColor.png using Guid(dc9fe465bbf821f4685af147c169c939) Importer(815301076,1909f56bfc062723c751e8b465ee728b)  -> (artifact id: 'b26d82c6b1efa03f965966cec2942b8d') in 0.025722 seconds 
  Import took 0.067974 seconds .

========================================================================
Received Import Request.
  Time since last request: 0.000297 seconds.
  path: Assets/SampleScenes/Textures/GUITimescaleSlow.png
  artifactKey: Guid(7be95422710fa4b018659390b6108d74) Importer(815301076,1909f56bfc062723c751e8b465ee728b)
Start importing Assets/SampleScenes/Textures/GUITimescaleSlow.png using Guid(7be95422710fa4b018659390b6108d74) Importer(815301076,1909f56bfc062723c751e8b465ee728b)  -> (artifact id: '852947713066109dd06465043d03c83d') in 0.072419 seconds 
  Import took 0.107018 seconds .

========================================================================
Received Prepare
Registering precompiled user dll's ...
Registered in 0.169868 seconds.
Begin MonoManager ReloadAssembly
Native extension for OSXStandalone target not found
Native extension for WebGL target not found
Refreshing native plugins compatible for Editor in 0.61 ms, found 2 plugins.
Preloading 0 native plugins for Editor in 0.00 ms.
Mono: successfully reloaded assembly
- Completed reload, in  4.826 seconds
Domain Reload Profiling:
	ReloadAssembly (4826ms)
		BeginReloadAssembly (354ms)
			ExecutionOrderSort (0ms)
			DisableScriptedObjects (14ms)
			BackupInstance (0ms)
			ReleaseScriptingObjects (0ms)
			CreateAndSetChildDomain (203ms)
		EndReloadAssembly (4270ms)
			LoadAssemblies (1503ms)
			RebuildTransferFunctionScriptingTraits (0ms)
			SetupTypeCache (1051ms)
			ReleaseScriptCaches (1ms)
			RebuildScriptCaches (162ms)
			SetupLoadedEditorAssemblies (1128ms)
				LogAssemblyErrors (0ms)
				InitializePlatformSupportModulesInManaged (10ms)
				SetLoadedEditorAssemblies (1ms)
				RefreshPlugins (1ms)
				BeforeProcessingInitializeOnLoad (266ms)
				ProcessInitializeOnLoadAttributes (801ms)
				ProcessInitializeOnLoadMethodAttributes (40ms)
				AfterProcessingInitializeOnLoad (4ms)
				EditorAssembliesLoaded (4ms)
			ExecutionOrderSort2 (0ms)
			AwakeInstancesAfterBackupRestoration (32ms)
Platform modules already initialized, skipping
Refreshing native plugins compatible for Editor in 0.63 ms, found 2 plugins.
Preloading 0 native plugins for Editor in 0.00 ms.
Unloading 1637 Unused Serialized files (Serialized files now loaded: 0)
System memory in use before: 207.6 MB.
System memory in use after: 207.2 MB.

Unloading 17 unused Assets to reduce memory usage. Loaded Objects now: 2202.
Total: 12.243172 ms (FindLiveObjects: 1.868685 ms CreateObjectMapping: 0.899995 ms MarkObjects: 8.584294 ms  DeleteObjects: 0.885651 ms)

AssetImportParameters requested are different than current active one (requested -> active):
  custom:video-decoder-ogg-theora: a1e56fd34408186e4bbccfd4996cb3dc -> 
  custom:container-muxer-webm: aa71ff27fc2769a1b78a27578f13a17b -> 
  custom:container-demuxer-webm: 4f35f7cbe854078d1ac9338744f61a02 -> 
  custom:container-demuxer-ogg: 62fdf1f143b41e24485cea50d1cbac27 -> 
  custom:video-encoder-webm-vp8: eb34c28f22e8b96e1ab97ce403110664 -> 
  custom:framework-osx-AVFoundation: b23960f63f64bdc6ff669e2cdcee2391 -> 
  custom:video-decoder-webm-vp8: 9c59270c3fd7afecdb556c50c9e8de78 -> 
  custom:audio-decoder-ogg-vorbis: bf7c407c2cedff20999df2af8eb42d56 -> 
  custom:audio-encoder-webm-vorbis: bf7c407c2cedff20999df2af8eb42d56 -> 
========================================================================
Received Import Request.
  Time since last request: 2038.625781 seconds.
  path: Assets/porta_int_new.fbx
  artifactKey: Guid(2650f70dde240457e93a6e6e9d8a4876) Importer(815301076,1909f56bfc062723c751e8b465ee728b)
Start importing Assets/porta_int_new.fbx using Guid(2650f70dde240457e93a6e6e9d8a4876) Importer(815301076,1909f56bfc062723c751e8b465ee728b)  -> (artifact id: '7e804de255a528527ea5b2aa718e9483') in 0.317654 seconds 
  Import took 0.357806 seconds .

========================================================================
Received Import Request.
  Time since last request: 0.000321 seconds.
  path: Assets/Mattia/Texture/Portaombrelli/PortaOmbrelli_DefaultMaterial_MetSmooth.png
  artifactKey: Guid(03a15c0723c5ad84da400db707d39a26) Importer(815301076,1909f56bfc062723c751e8b465ee728b)
Start importing Assets/Mattia/Texture/Portaombrelli/PortaOmbrelli_DefaultMaterial_MetSmooth.png using Guid(03a15c0723c5ad84da400db707d39a26) Importer(815301076,1909f56bfc062723c751e8b465ee728b)  -> (artifact id: 'e514703254a228201922e83383d68d98') in 0.102965 seconds 
  Import took 0.134609 seconds .

========================================================================
Received Import Request.
  Time since last request: 0.000299 seconds.
  path: Assets/Materials/Portaombrelli.mat
  artifactKey: Guid(3f8f3c0015d556c428f819bbfb4781d1) Importer(815301076,1909f56bfc062723c751e8b465ee728b)
Start importing Assets/Materials/Portaombrelli.mat using Guid(3f8f3c0015d556c428f819bbfb4781d1) Importer(815301076,1909f56bfc062723c751e8b465ee728b)  -> (artifact id: 'f2cb668e2c7b86cbba00ff7e426efb10') in 0.206145 seconds 
  Import took 0.245197 seconds .

========================================================================
Received Import Request.
  Time since last request: 0.000326 seconds.
  path: Assets/Mattia/Texture/Portaombrelli/PortaOmbrelli_DefaultMaterial_BaseColor.png
  artifactKey: Guid(f17e6e092f91f524c90a83e1fbb65104) Importer(815301076,1909f56bfc062723c751e8b465ee728b)
Start importing Assets/Mattia/Texture/Portaombrelli/PortaOmbrelli_DefaultMaterial_BaseColor.png using Guid(f17e6e092f91f524c90a83e1fbb65104) Importer(815301076,1909f56bfc062723c751e8b465ee728b)  -> (artifact id: '5ff0a970faf7d900d821dee4cd13b4a0') in 0.025404 seconds 
  Import took 0.062478 seconds .

========================================================================
Received Import Request.
  Time since last request: 0.000339 seconds.
  path: Assets/Mattia/Models/PortaOmbrelli.fbx
  artifactKey: Guid(4adc4fc1fedf44747a5b949074fe84d9) Importer(815301076,1909f56bfc062723c751e8b465ee728b)
Start importing Assets/Mattia/Models/PortaOmbrelli.fbx using Guid(4adc4fc1fedf44747a5b949074fe84d9) Importer(815301076,1909f56bfc062723c751e8b465ee728b)  -> (artifact id: '021d7b3dafc6955a7321243bff632492') in 0.190649 seconds 
  Import took 0.217946 seconds .

========================================================================
Received Prepare
Registering precompiled user dll's ...
Registered in 0.119936 seconds.
Begin MonoManager ReloadAssembly
Native extension for OSXStandalone target not found
Native extension for WebGL target not found
Refreshing native plugins compatible for Editor in 0.73 ms, found 2 plugins.
Preloading 0 native plugins for Editor in 0.00 ms.
Mono: successfully reloaded assembly
- Completed reload, in  2.498 seconds
Domain Reload Profiling:
	ReloadAssembly (2499ms)
		BeginReloadAssembly (159ms)
			ExecutionOrderSort (0ms)
			DisableScriptedObjects (6ms)
			BackupInstance (0ms)
			ReleaseScriptingObjects (0ms)
			CreateAndSetChildDomain (85ms)
		EndReloadAssembly (2249ms)
			LoadAssemblies (611ms)
			RebuildTransferFunctionScriptingTraits (0ms)
			SetupTypeCache (553ms)
			ReleaseScriptCaches (1ms)
			RebuildScriptCaches (66ms)
			SetupLoadedEditorAssemblies (829ms)
				LogAssemblyErrors (0ms)
				InitializePlatformSupportModulesInManaged (7ms)
				SetLoadedEditorAssemblies (1ms)
				RefreshPlugins (1ms)
				BeforeProcessingInitializeOnLoad (211ms)
				ProcessInitializeOnLoadAttributes (592ms)
				ProcessInitializeOnLoadMethodAttributes (16ms)
				AfterProcessingInitializeOnLoad (1ms)
				EditorAssembliesLoaded (0ms)
			ExecutionOrderSort2 (0ms)
			AwakeInstancesAfterBackupRestoration (14ms)
Platform modules already initialized, skipping
Refreshing native plugins compatible for Editor in 1.05 ms, found 2 plugins.
Preloading 0 native plugins for Editor in 0.00 ms.
Unloading 1637 Unused Serialized files (Serialized files now loaded: 0)
System memory in use before: 207.9 MB.
System memory in use after: 207.5 MB.

Unloading 16 unused Assets to reduce memory usage. Loaded Objects now: 2205.
Total: 4.428225 ms (FindLiveObjects: 0.164553 ms CreateObjectMapping: 0.056404 ms MarkObjects: 3.638249 ms  DeleteObjects: 0.567560 ms)

AssetImportParameters requested are different than current active one (requested -> active):
  custom:video-decoder-ogg-theora: a1e56fd34408186e4bbccfd4996cb3dc -> 
  custom:container-muxer-webm: aa71ff27fc2769a1b78a27578f13a17b -> 
  custom:container-demuxer-webm: 4f35f7cbe854078d1ac9338744f61a02 -> 
  custom:container-demuxer-ogg: 62fdf1f143b41e24485cea50d1cbac27 -> 
  custom:video-encoder-webm-vp8: eb34c28f22e8b96e1ab97ce403110664 -> 
  custom:framework-osx-AVFoundation: b23960f63f64bdc6ff669e2cdcee2391 -> 
  custom:video-decoder-webm-vp8: 9c59270c3fd7afecdb556c50c9e8de78 -> 
  custom:audio-decoder-ogg-vorbis: bf7c407c2cedff20999df2af8eb42d56 -> 
  custom:audio-encoder-webm-vorbis: bf7c407c2cedff20999df2af8eb42d56 -> 
========================================================================
Received Import Request.
  Time since last request: 2171.011686 seconds.
  path: Assets/letto_new.fbx
  artifactKey: Guid(a02b136ed2c174177a0c5025d7e4454d) Importer(815301076,1909f56bfc062723c751e8b465ee728b)
Start importing Assets/letto_new.fbx using Guid(a02b136ed2c174177a0c5025d7e4454d) Importer(815301076,1909f56bfc062723c751e8b465ee728b)  -> (artifact id: '5eb863b6c69fd9fa08a5091d70fbba4b') in 0.188407 seconds 
  Import took 0.216014 seconds .

========================================================================
Received Import Request.
  Time since last request: 188.241530 seconds.
  path: Assets/lampada_new.fbx
  artifactKey: Guid(5c9f75e733a354c58923b398a31018bf) Importer(815301076,1909f56bfc062723c751e8b465ee728b)
Start importing Assets/lampada_new.fbx using Guid(5c9f75e733a354c58923b398a31018bf) Importer(815301076,1909f56bfc062723c751e8b465ee728b)  -> (artifact id: '80c8dd21b98af2720107d139e612a197') in 0.061848 seconds 
  Import took 0.118543 seconds .

========================================================================
Received Import Request.
  Time since last request: 0.000325 seconds.
  path: Assets/Mattia/Prefabs/LampadaSoffitto.prefab
  artifactKey: Guid(be6b47a9affec6645bba332740b6f734) Importer(815301076,1909f56bfc062723c751e8b465ee728b)
Start importing Assets/Mattia/Prefabs/LampadaSoffitto.prefab using Guid(be6b47a9affec6645bba332740b6f734) Importer(815301076,1909f56bfc062723c751e8b465ee728b)  -> (artifact id: '809e81a58305f4410fca46c48eaf7010') in 0.138218 seconds 
  Import took 0.155473 seconds .

========================================================================
Received Import Request.
  Time since last request: 0.000289 seconds.
  path: Assets/Mattia/Models/LampadaSoffitto.fbx
  artifactKey: Guid(fb91cb3511d11094b8eb848b1c4e789c) Importer(815301076,1909f56bfc062723c751e8b465ee728b)
Start importing Assets/Mattia/Models/LampadaSoffitto.fbx using Guid(fb91cb3511d11094b8eb848b1c4e789c) Importer(815301076,1909f56bfc062723c751e8b465ee728b)  -> (artifact id: '45a2fd5a128f9bdf8e44e018c40f5872') in 0.073716 seconds 
  Import took 0.106208 seconds .

========================================================================
Received Import Request.
  Time since last request: 0.000720 seconds.
  path: Assets/Mattia/Texture/LampadaSoffitto/Materials/Lampada_Lampada_Mat_BaseColor.mat
  artifactKey: Guid(32dd8c233465cf241b4a45691fcd62c2) Importer(815301076,1909f56bfc062723c751e8b465ee728b)
Start importing Assets/Mattia/Texture/LampadaSoffitto/Materials/Lampada_Lampada_Mat_BaseColor.mat using Guid(32dd8c233465cf241b4a45691fcd62c2) Importer(815301076,1909f56bfc062723c751e8b465ee728b)  -> (artifact id: '68a307f52d24bc863edd4f18648c6c5d') in 0.017368 seconds 
  Import took 0.046781 seconds .

========================================================================
Received Import Request.
  Time since last request: 0.000296 seconds.
  path: Assets/Materials/LampadaSoffitto.mat
  artifactKey: Guid(7e47a7b24bd1b5b44979a773e184461c) Importer(815301076,1909f56bfc062723c751e8b465ee728b)
Start importing Assets/Materials/LampadaSoffitto.mat using Guid(7e47a7b24bd1b5b44979a773e184461c) Importer(815301076,1909f56bfc062723c751e8b465ee728b)  -> (artifact id: '36b7573b430816285e15863cf49df094') in 0.030632 seconds 
  Import took 0.045618 seconds .

========================================================================
Received Import Request.
  Time since last request: 0.000397 seconds.
  path: Assets/Mattia/Texture/LampadaSoffitto/Lampada_Lampada_Mat_BaseColor.png
  artifactKey: Guid(eb9db110500e2a342a903beb4860654e) Importer(815301076,1909f56bfc062723c751e8b465ee728b)
Start importing Assets/Mattia/Texture/LampadaSoffitto/Lampada_Lampada_Mat_BaseColor.png using Guid(eb9db110500e2a342a903beb4860654e) Importer(815301076,1909f56bfc062723c751e8b465ee728b)  -> (artifact id: '6880f914370f4ce3d5e9b6d076c5e808') in 0.044381 seconds 
  Import took 0.062420 seconds .

========================================================================
Received Import Request.
  Time since last request: 89.941841 seconds.
  path: Assets/bottone_new.fbx
  artifactKey: Guid(f73b9ef3cdf8842f99327333d499769e) Importer(815301076,1909f56bfc062723c751e8b465ee728b)
Start importing Assets/bottone_new.fbx using Guid(f73b9ef3cdf8842f99327333d499769e) Importer(815301076,1909f56bfc062723c751e8b465ee728b)  -> (artifact id: '0847747610828b844aa4bcc91a09e50b') in 0.077963 seconds 
  Import took 0.121174 seconds .

========================================================================
Received Prepare
Registering precompiled user dll's ...
Registered in 0.119773 seconds.
Begin MonoManager ReloadAssembly
Native extension for OSXStandalone target not found
Native extension for WebGL target not found
Refreshing native plugins compatible for Editor in 0.52 ms, found 2 plugins.
Preloading 0 native plugins for Editor in 0.00 ms.
Mono: successfully reloaded assembly
- Completed reload, in  2.220 seconds
Domain Reload Profiling:
	ReloadAssembly (2221ms)
		BeginReloadAssembly (182ms)
			ExecutionOrderSort (0ms)
			DisableScriptedObjects (7ms)
			BackupInstance (0ms)
			ReleaseScriptingObjects (0ms)
			CreateAndSetChildDomain (102ms)
		EndReloadAssembly (1947ms)
			LoadAssemblies (721ms)
			RebuildTransferFunctionScriptingTraits (0ms)
			SetupTypeCache (487ms)
			ReleaseScriptCaches (1ms)
			RebuildScriptCaches (95ms)
			SetupLoadedEditorAssemblies (446ms)
				LogAssemblyErrors (0ms)
				InitializePlatformSupportModulesInManaged (7ms)
				SetLoadedEditorAssemblies (1ms)
				RefreshPlugins (1ms)
				BeforeProcessingInitializeOnLoad (125ms)
				ProcessInitializeOnLoadAttributes (298ms)
				ProcessInitializeOnLoadMethodAttributes (13ms)
				AfterProcessingInitializeOnLoad (1ms)
				EditorAssembliesLoaded (0ms)
			ExecutionOrderSort2 (0ms)
			AwakeInstancesAfterBackupRestoration (10ms)
Platform modules already initialized, skipping
Refreshing native plugins compatible for Editor in 0.53 ms, found 2 plugins.
Preloading 0 native plugins for Editor in 0.00 ms.
Unloading 1637 Unused Serialized files (Serialized files now loaded: 0)
System memory in use before: 208.2 MB.
System memory in use after: 207.7 MB.

Unloading 16 unused Assets to reduce memory usage. Loaded Objects now: 2208.
Total: 7.217512 ms (FindLiveObjects: 0.167740 ms CreateObjectMapping: 0.058722 ms MarkObjects: 6.429621 ms  DeleteObjects: 0.560051 ms)

AssetImportParameters requested are different than current active one (requested -> active):
  custom:video-decoder-ogg-theora: a1e56fd34408186e4bbccfd4996cb3dc -> 
  custom:container-muxer-webm: aa71ff27fc2769a1b78a27578f13a17b -> 
  custom:container-demuxer-webm: 4f35f7cbe854078d1ac9338744f61a02 -> 
  custom:container-demuxer-ogg: 62fdf1f143b41e24485cea50d1cbac27 -> 
  custom:video-encoder-webm-vp8: eb34c28f22e8b96e1ab97ce403110664 -> 
  custom:framework-osx-AVFoundation: b23960f63f64bdc6ff669e2cdcee2391 -> 
  custom:video-decoder-webm-vp8: 9c59270c3fd7afecdb556c50c9e8de78 -> 
  custom:audio-decoder-ogg-vorbis: bf7c407c2cedff20999df2af8eb42d56 -> 
  custom:audio-encoder-webm-vorbis: bf7c407c2cedff20999df2af8eb42d56 -> 
========================================================================
Received Import Request.
  Time since last request: 412.471293 seconds.
  path: Assets/armadio_new.fbx
  artifactKey: Guid(a5f36973c92ab49cf800a332f79b47f7) Importer(815301076,1909f56bfc062723c751e8b465ee728b)
Start importing Assets/armadio_new.fbx using Guid(a5f36973c92ab49cf800a332f79b47f7) Importer(815301076,1909f56bfc062723c751e8b465ee728b)  -> (artifact id: '58e53ded30ccebb788725785b1dc6fcd') in 0.211772 seconds 
  Import took 0.243341 seconds .

========================================================================
Received Import Request.
  Time since last request: 107.196031 seconds.
  path: Assets/cestino_new.fbx
  artifactKey: Guid(68a60ef9983a6429c88155ff89003cdb) Importer(815301076,1909f56bfc062723c751e8b465ee728b)
Start importing Assets/cestino_new.fbx using Guid(68a60ef9983a6429c88155ff89003cdb) Importer(815301076,1909f56bfc062723c751e8b465ee728b)  -> (artifact id: 'f099a1fb1f1c92b2f79c180a12bb8906') in 0.088975 seconds 
  Import took 0.125789 seconds .

========================================================================
Received Prepare
Registering precompiled user dll's ...
Registered in 0.205522 seconds.
Begin MonoManager ReloadAssembly
Native extension for OSXStandalone target not found
Native extension for WebGL target not found
Refreshing native plugins compatible for Editor in 0.52 ms, found 2 plugins.
Preloading 0 native plugins for Editor in 0.00 ms.
Mono: successfully reloaded assembly
- Completed reload, in  2.151 seconds
Domain Reload Profiling:
	ReloadAssembly (2165ms)
		BeginReloadAssembly (179ms)
			ExecutionOrderSort (0ms)
			DisableScriptedObjects (9ms)
			BackupInstance (0ms)
			ReleaseScriptingObjects (0ms)
			CreateAndSetChildDomain (81ms)
		EndReloadAssembly (1895ms)
			LoadAssemblies (716ms)
			RebuildTransferFunctionScriptingTraits (0ms)
			SetupTypeCache (456ms)
			ReleaseScriptCaches (1ms)
			RebuildScriptCaches (74ms)
			SetupLoadedEditorAssemblies (451ms)
				LogAssemblyErrors (0ms)
				InitializePlatformSupportModulesInManaged (7ms)
				SetLoadedEditorAssemblies (1ms)
				RefreshPlugins (1ms)
				BeforeProcessingInitializeOnLoad (122ms)
				ProcessInitializeOnLoadAttributes (307ms)
				ProcessInitializeOnLoadMethodAttributes (13ms)
				AfterProcessingInitializeOnLoad (1ms)
				EditorAssembliesLoaded (0ms)
			ExecutionOrderSort2 (0ms)
			AwakeInstancesAfterBackupRestoration (10ms)
Platform modules already initialized, skipping
Refreshing native plugins compatible for Editor in 1.17 ms, found 2 plugins.
Preloading 0 native plugins for Editor in 0.00 ms.
Unloading 1637 Unused Serialized files (Serialized files now loaded: 0)
System memory in use before: 208.4 MB.
System memory in use after: 208.0 MB.

Unloading 16 unused Assets to reduce memory usage. Loaded Objects now: 2211.
Total: 3.973687 ms (FindLiveObjects: 0.202644 ms CreateObjectMapping: 0.061341 ms MarkObjects: 3.168244 ms  DeleteObjects: 0.540559 ms)

AssetImportParameters requested are different than current active one (requested -> active):
  custom:video-decoder-ogg-theora: a1e56fd34408186e4bbccfd4996cb3dc -> 
  custom:container-muxer-webm: aa71ff27fc2769a1b78a27578f13a17b -> 
  custom:container-demuxer-webm: 4f35f7cbe854078d1ac9338744f61a02 -> 
  custom:container-demuxer-ogg: 62fdf1f143b41e24485cea50d1cbac27 -> 
  custom:video-encoder-webm-vp8: eb34c28f22e8b96e1ab97ce403110664 -> 
  custom:framework-osx-AVFoundation: b23960f63f64bdc6ff669e2cdcee2391 -> 
  custom:video-decoder-webm-vp8: 9c59270c3fd7afecdb556c50c9e8de78 -> 
  custom:audio-decoder-ogg-vorbis: bf7c407c2cedff20999df2af8eb42d56 -> 
  custom:audio-encoder-webm-vorbis: bf7c407c2cedff20999df2af8eb42d56 -> 
========================================================================
Received Import Request.
  Time since last request: 499.750062 seconds.
  path: Assets/scaffale_new.fbx
  artifactKey: Guid(00d598a74aabe407595ef1863347ab46) Importer(815301076,1909f56bfc062723c751e8b465ee728b)
Start importing Assets/scaffale_new.fbx using Guid(00d598a74aabe407595ef1863347ab46) Importer(815301076,1909f56bfc062723c751e8b465ee728b)  -> (artifact id: 'f101dae2c1d98b8322b5c637dd8d6abf') in 0.167812 seconds 
  Import took 0.216462 seconds .

========================================================================
Received Prepare
Registering precompiled user dll's ...
Registered in 0.337178 seconds.
Begin MonoManager ReloadAssembly
Native extension for OSXStandalone target not found
Native extension for WebGL target not found
Refreshing native plugins compatible for Editor in 0.63 ms, found 2 plugins.
Preloading 0 native plugins for Editor in 0.00 ms.
Mono: successfully reloaded assembly
- Completed reload, in  2.180 seconds
Domain Reload Profiling:
	ReloadAssembly (2259ms)
		BeginReloadAssembly (235ms)
			ExecutionOrderSort (0ms)
			DisableScriptedObjects (7ms)
			BackupInstance (0ms)
			ReleaseScriptingObjects (0ms)
			CreateAndSetChildDomain (78ms)
		EndReloadAssembly (1931ms)
			LoadAssemblies (733ms)
			RebuildTransferFunctionScriptingTraits (0ms)
			SetupTypeCache (471ms)
			ReleaseScriptCaches (1ms)
			RebuildScriptCaches (68ms)
			SetupLoadedEditorAssemblies (478ms)
				LogAssemblyErrors (0ms)
				InitializePlatformSupportModulesInManaged (7ms)
				SetLoadedEditorAssemblies (1ms)
				RefreshPlugins (1ms)
				BeforeProcessingInitializeOnLoad (125ms)
				ProcessInitializeOnLoadAttributes (327ms)
				ProcessInitializeOnLoadMethodAttributes (16ms)
				AfterProcessingInitializeOnLoad (1ms)
				EditorAssembliesLoaded (1ms)
			ExecutionOrderSort2 (0ms)
			AwakeInstancesAfterBackupRestoration (13ms)
Platform modules already initialized, skipping
Refreshing native plugins compatible for Editor in 0.84 ms, found 2 plugins.
Preloading 0 native plugins for Editor in 0.00 ms.
Unloading 1637 Unused Serialized files (Serialized files now loaded: 0)
System memory in use before: 208.6 MB.
System memory in use after: 208.2 MB.

Unloading 16 unused Assets to reduce memory usage. Loaded Objects now: 2214.
Total: 3.714297 ms (FindLiveObjects: 0.184683 ms CreateObjectMapping: 0.057599 ms MarkObjects: 2.940821 ms  DeleteObjects: 0.530221 ms)

AssetImportParameters requested are different than current active one (requested -> active):
  custom:video-decoder-ogg-theora: a1e56fd34408186e4bbccfd4996cb3dc -> 
  custom:container-muxer-webm: aa71ff27fc2769a1b78a27578f13a17b -> 
  custom:container-demuxer-webm: 4f35f7cbe854078d1ac9338744f61a02 -> 
  custom:container-demuxer-ogg: 62fdf1f143b41e24485cea50d1cbac27 -> 
  custom:video-encoder-webm-vp8: eb34c28f22e8b96e1ab97ce403110664 -> 
  custom:framework-osx-AVFoundation: b23960f63f64bdc6ff669e2cdcee2391 -> 
  custom:video-decoder-webm-vp8: 9c59270c3fd7afecdb556c50c9e8de78 -> 
  custom:audio-decoder-ogg-vorbis: bf7c407c2cedff20999df2af8eb42d56 -> 
  custom:audio-encoder-webm-vorbis: bf7c407c2cedff20999df2af8eb42d56 -> 
